(41697, 5152) (41697, 20)
Pretraining NMF...
Identifying predictive components for supervised network 0
Selecting network: 17 with auc 0.5509454090366369 for sup net 0 using constraint positive correlation
Identifying predictive components for supervised network 1
Selecting network: 6 with auc 0.5352517816977324 for sup net 1 using constraint positive correlation
Identifying predictive components for supervised network 2
Selecting network: 3 with auc 0.5326701562035735 for sup net 2 using constraint positive correlation
Identifying predictive components for supervised network 3
Selecting network: 18 with auc 0.5239998858050852 for sup net 3 using constraint positive correlation
Identifying predictive components for supervised network 4
Selecting network: 20 with auc 0.519870695884715 for sup net 4 using constraint positive correlation
Identifying predictive components for supervised network 5
Selecting network: 16 with auc 0.5142393175594376 for sup net 5 using constraint positive correlation
Identifying predictive components for supervised network 6
Selecting network: 22 with auc 0.5105980296290377 for sup net 6 using constraint positive correlation
Identifying predictive components for supervised network 7
Selecting network: 19 with auc 0.509619591930266 for sup net 7 using constraint positive correlation
Identifying predictive components for supervised network 8
Selecting network: 24 with auc 0.5082304126954714 for sup net 8 using constraint positive correlation
Identifying predictive components for supervised network 9
Selecting network: 0 with auc 0.5045895496637303 for sup net 9 using constraint positive correlation
Identifying predictive components for supervised network 10
Selecting network: 27 with auc 0.5024671884795774 for sup net 10 using constraint positive correlation
Identifying predictive components for supervised network 11
Selecting network: 28 with auc 0.5020741751736393 for sup net 11 using constraint positive correlation
Identifying predictive components for supervised network 12
Selecting network: 26 with auc 0.5018497062718007 for sup net 12 using constraint positive correlation
Identifying predictive components for supervised network 13
Selecting network: 23 with auc 0.5016075254612089 for sup net 13 using constraint positive correlation
Identifying predictive components for supervised network 14
Selecting network: 12 with auc 0.4994149455573431 for sup net 14 using constraint positive correlation
Identifying predictive components for supervised network 15
Selecting network: 4 with auc 0.49692715248505737 for sup net 15 using constraint positive correlation
Identifying predictive components for supervised network 16
Selecting network: 1 with auc 0.49612195130111886 for sup net 16 using constraint positive correlation
Identifying predictive components for supervised network 17
Selecting network: 10 with auc 0.4915522714981652 for sup net 17 using constraint positive correlation
Identifying predictive components for supervised network 18
Selecting network: 15 with auc 0.4849817795457648 for sup net 18 using constraint positive correlation
Identifying predictive components for supervised network 19
Selecting network: 21 with auc 0.4837693576089924 for sup net 19 using constraint positive correlation
Beginning Training
Saving the last epoch with training MSE: 0.0376303 and AUCs:[0.999936537457673]

flx train {'Mouse3192': [1.0], 'Mouse3194': [0.9999554834260912], 'Mouse3202': [nan], 'Mouse3203': [1.0], 'Mouse61635': [1.0], 'Mouse78744': [1.0], 'Mouse78752': [1.0], 'Mouse99002': [nan], 'Mouse99003': [nan], 'Mouse99021': [nan]}

flx val {'Mouse3191': [0.6697891354689651], 'Mouse3193': [0.5272007154799183], 'Mouse61631': [0.545674090710587]}

epm train {'Mouse04205': [1.0], 'Mouse04215': [0.9971684668466847], 'Mouse0643': [1.0], 'Mouse1551': [1.0], 'Mouse39114': [1.0], 'Mouse39124': [1.0], 'Mouse39125': [1.0], 'Mouse39133': [1.0], 'Mouse6291': [1.0], 'Mouse6292': [1.0], 'Mouse6293': [1.0], 'Mouse69064': [1.0], 'Mouse69065': [1.0], 'Mouse69074': [1.0], 'Mouse8580': [1.0], 'Mouse8581': [1.0], 'Mouse8582': [1.0], 'Mouse8891': [1.0], 'Mouse8894': [1.0]}

epm val {'Mouse04193': [0.5856815945697955], 'Mouse04201': [0.811977954918189], 'Mouse04202': [0.7370478893874188], 'Mouse0630': [0.6020630599622433], 'Mouse0633': [0.6743551681701112], 'Mouse0634': [0.6346598202824134], 'Mouse0642': [0.721831047132252]}

oft train {'Mouse04191': [1.0], 'Mouse04205': [1.0], 'Mouse04215': [nan], 'Mouse3192': [nan], 'Mouse3194': [nan], 'Mouse3203': [nan], 'Mouse39114': [1.0], 'Mouse39124': [1.0], 'Mouse39125': [1.0], 'Mouse39133': [1.0], 'Mouse69064': [1.0], 'Mouse69065': [1.0], 'Mouse69074': [1.0]}

oft val {'Mouse04193': [0.832506488019796], 'Mouse04201': [0.8290948558169127], 'Mouse04202': [0.7925049790675933], 'Mouse3191': [0.4615941046159411], 'Mouse3193': [0.48548928685641185], 'Mouse69072': [0.7473716929040279]}
(1, 448) (1, 1568) (1, 3136)
(1, 448) (1, 1568) (1, 3136)
(1, 448) (1, 1568) (1, 3136)
(1, 448) (1, 1568) (1, 3136)
(1, 448) (1, 1568) (1, 3136)
(1, 448) (1, 1568) (1, 3136)
(1, 448) (1, 1568) (1, 3136)
(1, 448) (1, 1568) (1, 3136)
(1, 448) (1, 1568) (1, 3136)
(1, 448) (1, 1568) (1, 3136)
(1, 448) (1, 1568) (1, 3136)
(1, 448) (1, 1568) (1, 3136)
(1, 448) (1, 1568) (1, 3136)
(1, 448) (1, 1568) (1, 3136)
(1, 448) (1, 1568) (1, 3136)
(1, 448) (1, 1568) (1, 3136)
(1, 448) (1, 1568) (1, 3136)
(1, 448) (1, 1568) (1, 3136)
(1, 448) (1, 1568) (1, 3136)
(1, 448) (1, 1568) (1, 3136)
