
flx train {'Mouse3192': [1.0], 'Mouse3194': [1.0], 'Mouse3202': [nan], 'Mouse3203': [1.0], 'Mouse61631': [1.0], 'Mouse61635': [1.0], 'Mouse78752': [1.0], 'Mouse99002': [nan], 'Mouse99003': [nan], 'Mouse99021': [nan]}

flx val {'Mouse3191': [0.7671646483814957], 'Mouse3193': [0.586517238387325], 'Mouse78744': [0.5807545568063378]}

epm train {'Mouse04193': [1.0], 'Mouse04201': [1.0], 'Mouse04202': [1.0], 'Mouse04205': [1.0], 'Mouse04215': [1.0], 'Mouse0630': [1.0], 'Mouse0633': [1.0], 'Mouse0634': [1.0], 'Mouse0642': [1.0], 'Mouse0643': [1.0], 'Mouse1551': [1.0], 'Mouse39114': [1.0], 'Mouse39124': [1.0], 'Mouse6291': [1.0], 'Mouse6292': [1.0], 'Mouse69065': [1.0], 'Mouse69074': [1.0], 'Mouse8582': [1.0], 'Mouse8891': [1.0], 'Mouse8894': [1.0]}

epm val {'Mouse39125': [0.8220056774757071], 'Mouse39133': [0.7665808069910454], 'Mouse6293': [0.6684872922776149], 'Mouse69064': [0.7560166532366371], 'Mouse8580': [0.5223047049524006], 'Mouse8581': [0.6704943310657596]}

oft train {'Mouse04191': [1.0], 'Mouse04193': [1.0], 'Mouse04201': [1.0], 'Mouse04202': [1.0], 'Mouse04205': [1.0], 'Mouse04215': [nan], 'Mouse3192': [nan], 'Mouse3194': [nan], 'Mouse3203': [nan], 'Mouse39114': [1.0], 'Mouse39124': [1.0], 'Mouse69065': [1.0], 'Mouse69074': [1.0]}

oft val {'Mouse3191': [0.4626113296261133], 'Mouse3193': [0.5713543332267349], 'Mouse39125': [0.8820452346395743], 'Mouse39133': [0.796920327693843], 'Mouse69064': [0.6089800917645228], 'Mouse69072': [0.7385131552483863]}
(1, 448) (1, 1568) (1, 3136)

flx train {'Mouse3192': [1.0], 'Mouse3194': [1.0], 'Mouse3202': [nan], 'Mouse3203': [1.0], 'Mouse61631': [1.0], 'Mouse61635': [1.0], 'Mouse78752': [1.0], 'Mouse99002': [nan], 'Mouse99003': [nan], 'Mouse99021': [nan]}

flx val {'Mouse3191': [0.7453572179282839], 'Mouse3193': [0.5866924598362699], 'Mouse78744': [0.5965372296701509]}

epm train {'Mouse04193': [1.0], 'Mouse04201': [0.9968534269041535], 'Mouse04202': [1.0], 'Mouse04205': [1.0], 'Mouse04215': [0.9978247824782478], 'Mouse0630': [1.0], 'Mouse0633': [1.0], 'Mouse0634': [1.0], 'Mouse0642': [1.0], 'Mouse0643': [1.0], 'Mouse1551': [1.0], 'Mouse39114': [1.0], 'Mouse39124': [1.0], 'Mouse6291': [1.0], 'Mouse6292': [1.0], 'Mouse69065': [1.0], 'Mouse69074': [1.0], 'Mouse8582': [1.0], 'Mouse8891': [1.0], 'Mouse8894': [1.0]}

epm val {'Mouse39125': [0.8267687520471666], 'Mouse39133': [0.7385775164526918], 'Mouse6293': [0.6302948843271423], 'Mouse69064': [0.7145447219983884], 'Mouse8580': [0.5612949788638004], 'Mouse8581': [0.6282993197278912]}

oft train {'Mouse04191': [1.0], 'Mouse04193': [1.0], 'Mouse04201': [1.0], 'Mouse04202': [1.0], 'Mouse04205': [1.0], 'Mouse04215': [nan], 'Mouse3192': [nan], 'Mouse3194': [nan], 'Mouse3203': [nan], 'Mouse39114': [1.0], 'Mouse39124': [1.0], 'Mouse69065': [1.0], 'Mouse69074': [1.0]}

oft val {'Mouse3191': [0.46404674714046745], 'Mouse3193': [0.5482171410297411], 'Mouse39125': [0.8493589743589743], 'Mouse39133': [0.7055571027408388], 'Mouse69064': [0.5900536589159344], 'Mouse69072': [0.7235843709432652]}
(1, 448) (1, 1568) (1, 3136)
(1, 448) (1, 1568) (1, 3136)

flx train {'Mouse3192': [1.0], 'Mouse3194': [1.0], 'Mouse3202': [nan], 'Mouse3203': [1.0], 'Mouse61631': [1.0], 'Mouse61635': [1.0], 'Mouse78752': [1.0], 'Mouse99002': [nan], 'Mouse99003': [nan], 'Mouse99021': [nan]}

flx val {'Mouse3191': [0.7304907768479423], 'Mouse3193': [0.5810959511428025], 'Mouse78744': [0.5989978322498698]}

epm train {'Mouse04193': [1.0], 'Mouse04201': [0.9979213547427438], 'Mouse04202': [1.0], 'Mouse04205': [1.0], 'Mouse04215': [1.0], 'Mouse0630': [1.0], 'Mouse0633': [1.0], 'Mouse0634': [1.0], 'Mouse0642': [1.0], 'Mouse0643': [1.0], 'Mouse1551': [1.0], 'Mouse39114': [1.0], 'Mouse39124': [1.0], 'Mouse6291': [1.0], 'Mouse6292': [1.0], 'Mouse69065': [1.0], 'Mouse69074': [1.0], 'Mouse8582': [1.0], 'Mouse8891': [1.0], 'Mouse8894': [1.0]}

epm val {'Mouse39125': [0.8062151981657384], 'Mouse39133': [0.7754881864278778], 'Mouse6293': [0.6398338220918866], 'Mouse69064': [0.7278135911899004], 'Mouse8580': [0.5564147506615802], 'Mouse8581': [0.6473106575963719]}

oft train {'Mouse04191': [1.0], 'Mouse04193': [1.0], 'Mouse04201': [1.0], 'Mouse04202': [1.0], 'Mouse04205': [1.0], 'Mouse04215': [nan], 'Mouse3192': [nan], 'Mouse3194': [nan], 'Mouse3203': [nan], 'Mouse39114': [1.0], 'Mouse39124': [1.0], 'Mouse69065': [1.0], 'Mouse69074': [1.0]}

oft val {'Mouse3191': [0.48824539988245397], 'Mouse3193': [0.5410137511992326], 'Mouse39125': [0.8569031204644413], 'Mouse39133': [0.731776091345819], 'Mouse69064': [0.6232308111050626], 'Mouse69072': [0.7117638454646847]}
(1, 448) (1, 1568) (1, 3136)
(1, 448) (1, 1568) (1, 3136)
(1, 448) (1, 1568) (1, 3136)

flx train {'Mouse3192': [1.0], 'Mouse3194': [1.0], 'Mouse3202': [nan], 'Mouse3203': [1.0], 'Mouse61631': [1.0], 'Mouse61635': [1.0], 'Mouse78752': [1.0], 'Mouse99002': [nan], 'Mouse99003': [nan], 'Mouse99021': [nan]}

flx val {'Mouse3191': [0.7552933986265808], 'Mouse3193': [0.6060264527667052], 'Mouse78744': [0.5996473671305473]}

epm train {'Mouse04193': [1.0], 'Mouse04201': [1.0], 'Mouse04202': [1.0], 'Mouse04205': [1.0], 'Mouse04215': [0.9971778427842785], 'Mouse0630': [1.0], 'Mouse0633': [1.0], 'Mouse0634': [1.0], 'Mouse0642': [1.0], 'Mouse0643': [1.0], 'Mouse1551': [1.0], 'Mouse39114': [1.0], 'Mouse39124': [1.0], 'Mouse6291': [1.0], 'Mouse6292': [1.0], 'Mouse69065': [1.0], 'Mouse69074': [1.0], 'Mouse8582': [1.0], 'Mouse8891': [1.0], 'Mouse8894': [1.0]}

epm val {'Mouse39125': [0.806297084834589], 'Mouse39133': [0.7579633725320962], 'Mouse6293': [0.6639622026718801], 'Mouse69064': [0.7520010744023637], 'Mouse8580': [0.5258274048871018], 'Mouse8581': [0.6606802721088435]}

oft train {'Mouse04191': [1.0], 'Mouse04193': [1.0], 'Mouse04201': [1.0], 'Mouse04202': [1.0], 'Mouse04205': [1.0], 'Mouse04215': [nan], 'Mouse3192': [nan], 'Mouse3194': [nan], 'Mouse3203': [nan], 'Mouse39114': [1.0], 'Mouse39124': [1.0], 'Mouse69065': [1.0], 'Mouse69074': [1.0]}

oft val {'Mouse3191': [0.48435733984357343], 'Mouse3193': [0.5662376079309243], 'Mouse39125': [0.8793390179003386], 'Mouse39133': [0.764232170623593], 'Mouse69064': [0.6148903491717863], 'Mouse69072': [0.7333388184959684]}
(1, 448) (1, 1568) (1, 3136)
(1, 448) (1, 1568) (1, 3136)
(1, 448) (1, 1568) (1, 3136)
(1, 448) (1, 1568) (1, 3136)

flx train {'Mouse3192': [1.0], 'Mouse3194': [1.0], 'Mouse3202': [nan], 'Mouse3203': [1.0], 'Mouse61631': [1.0], 'Mouse61635': [1.0], 'Mouse78752': [1.0], 'Mouse99002': [nan], 'Mouse99003': [nan], 'Mouse99021': [nan]}

flx val {'Mouse3191': [0.7707724790963673], 'Mouse3193': [0.593217657539106], 'Mouse78744': [0.6015159682366209]}

epm train {'Mouse04193': [1.0], 'Mouse04201': [1.0], 'Mouse04202': [1.0], 'Mouse04205': [1.0], 'Mouse04215': [0.9999906240624062], 'Mouse0630': [1.0], 'Mouse0633': [1.0], 'Mouse0634': [1.0], 'Mouse0642': [1.0], 'Mouse0643': [1.0], 'Mouse1551': [1.0], 'Mouse39114': [1.0], 'Mouse39124': [1.0], 'Mouse6291': [1.0], 'Mouse6292': [1.0], 'Mouse69065': [1.0], 'Mouse69074': [1.0], 'Mouse8582': [1.0], 'Mouse8891': [1.0], 'Mouse8894': [1.0]}

epm val {'Mouse39125': [0.7964843323506932], 'Mouse39133': [0.7671202395080375], 'Mouse6293': [0.6523867709351581], 'Mouse69064': [0.7550094010206823], 'Mouse8580': [0.5534763033989758], 'Mouse8581': [0.5965351473922903]}

oft train {'Mouse04191': [1.0], 'Mouse04193': [1.0], 'Mouse04201': [1.0], 'Mouse04202': [1.0], 'Mouse04205': [1.0], 'Mouse04215': [nan], 'Mouse3192': [nan], 'Mouse3194': [nan], 'Mouse3203': [nan], 'Mouse39114': [1.0], 'Mouse39124': [1.0], 'Mouse69065': [1.0], 'Mouse69074': [1.0]}

oft val {'Mouse3191': [0.47239929472399295], 'Mouse3193': [0.5372641509433962], 'Mouse39125': [0.8742440735365263], 'Mouse39133': [0.7355241476943071], 'Mouse69064': [0.6243292635508205], 'Mouse69072': [0.7309984824383376]}
(1, 448) (1, 1568) (1, 3136)
(1, 448) (1, 1568) (1, 3136)
(1, 448) (1, 1568) (1, 3136)
(1, 448) (1, 1568) (1, 3136)
(1, 448) (1, 1568) (1, 3136)

flx train {'Mouse3192': [1.0], 'Mouse3194': [1.0], 'Mouse3202': [nan], 'Mouse3203': [1.0], 'Mouse61631': [1.0], 'Mouse61635': [1.0], 'Mouse78752': [1.0], 'Mouse99002': [nan], 'Mouse99003': [nan], 'Mouse99021': [nan]}

flx val {'Mouse3191': [0.7121850471240688], 'Mouse3193': [0.5786612468102184], 'Mouse78744': [0.6029264009446343]}

epm train {'Mouse04193': [0.9966061222459289], 'Mouse04201': [0.9948415271368092], 'Mouse04202': [1.0], 'Mouse04205': [1.0], 'Mouse04215': [1.0], 'Mouse0630': [1.0], 'Mouse0633': [1.0], 'Mouse0634': [1.0], 'Mouse0642': [1.0], 'Mouse0643': [1.0], 'Mouse1551': [1.0], 'Mouse39114': [1.0], 'Mouse39124': [1.0], 'Mouse6291': [1.0], 'Mouse6292': [1.0], 'Mouse69065': [1.0], 'Mouse69074': [1.0], 'Mouse8582': [1.0], 'Mouse8891': [1.0], 'Mouse8894': [1.0]}

epm val {'Mouse39125': [0.7829457364341086], 'Mouse39133': [0.7654884561441363], 'Mouse6293': [0.6498696643857935], 'Mouse69064': [0.7294251947354286], 'Mouse8580': [0.5588204969584493], 'Mouse8581': [0.6306757369614512]}

oft train {'Mouse04191': [1.0], 'Mouse04193': [1.0], 'Mouse04201': [1.0], 'Mouse04202': [1.0], 'Mouse04205': [1.0], 'Mouse04215': [nan], 'Mouse3192': [nan], 'Mouse3194': [nan], 'Mouse3203': [nan], 'Mouse39114': [1.0], 'Mouse39124': [1.0], 'Mouse69065': [1.0], 'Mouse69074': [1.0]}

oft val {'Mouse3191': [0.49894886748948863], 'Mouse3193': [0.5088183562519988], 'Mouse39125': [0.8665185050798258], 'Mouse39133': [0.7182807677133375], 'Mouse69064': [0.6244361925499651], 'Mouse69072': [0.7075219863602289]}
(1, 448) (1, 1568) (1, 3136)
(1, 448) (1, 1568) (1, 3136)
(1, 448) (1, 1568) (1, 3136)
(1, 448) (1, 1568) (1, 3136)
(1, 448) (1, 1568) (1, 3136)
(1, 448) (1, 1568) (1, 3136)
(1, 448) (1, 1568) (1, 3136)
(1, 448) (1, 1568) (1, 3136)
(1, 448) (1, 1568) (1, 3136)
(1, 448) (1, 1568) (1, 3136)

flx train {'Mouse3192': [1.0], 'Mouse3194': [1.0], 'Mouse3202': [nan], 'Mouse3203': [1.0], 'Mouse61631': [1.0], 'Mouse61635': [1.0], 'Mouse78752': [1.0], 'Mouse99002': [nan], 'Mouse99003': [nan], 'Mouse99021': [nan]}

flx val {'Mouse3191': [0.7444753528196426], 'Mouse3193': [0.5880395034687101], 'Mouse78744': [0.5934674643644744]}

epm train {'Mouse04193': [1.0], 'Mouse04201': [0.9996185972005034], 'Mouse04202': [1.0], 'Mouse04205': [1.0], 'Mouse04215': [0.9999343684368437], 'Mouse0630': [1.0], 'Mouse0633': [1.0], 'Mouse0634': [1.0], 'Mouse0642': [1.0], 'Mouse0643': [1.0], 'Mouse1551': [1.0], 'Mouse39114': [1.0], 'Mouse39124': [1.0], 'Mouse6291': [1.0], 'Mouse6292': [1.0], 'Mouse69065': [1.0], 'Mouse69074': [1.0], 'Mouse8582': [1.0], 'Mouse8891': [1.0], 'Mouse8894': [1.0]}

epm val {'Mouse39125': [0.7998280379954144], 'Mouse39133': [0.7377683676772036], 'Mouse6293': [0.6671635711958293], 'Mouse69064': [0.6835885038947086], 'Mouse8580': [0.5455029728150669], 'Mouse8581': [0.6278820861678004]}

oft train {'Mouse04191': [1.0], 'Mouse04193': [1.0], 'Mouse04201': [1.0], 'Mouse04202': [1.0], 'Mouse04205': [1.0], 'Mouse04215': [nan], 'Mouse3192': [nan], 'Mouse3194': [nan], 'Mouse3203': [nan], 'Mouse39114': [1.0], 'Mouse39124': [1.0], 'Mouse69065': [1.0], 'Mouse69074': [1.0]}

oft val {'Mouse3191': [0.5044079750440797], 'Mouse3193': [0.5093060441317556], 'Mouse39125': [0.866775520077407], 'Mouse39133': [0.7096010582747336], 'Mouse69064': [0.5876234543899215], 'Mouse69072': [0.6999707457992796]}
(1, 448) (1, 1568) (1, 3136)
(1, 448) (1, 1568) (1, 3136)
(1, 448) (1, 1568) (1, 3136)
(1, 448) (1, 1568) (1, 3136)
(1, 448) (1, 1568) (1, 3136)
(1, 448) (1, 1568) (1, 3136)
(1, 448) (1, 1568) (1, 3136)
(1, 448) (1, 1568) (1, 3136)
(1, 448) (1, 1568) (1, 3136)
(1, 448) (1, 1568) (1, 3136)
(1, 448) (1, 1568) (1, 3136)
(1, 448) (1, 1568) (1, 3136)
(1, 448) (1, 1568) (1, 3136)
(1, 448) (1, 1568) (1, 3136)
(1, 448) (1, 1568) (1, 3136)
(1, 448) (1, 1568) (1, 3136)
(1, 448) (1, 1568) (1, 3136)
(1, 448) (1, 1568) (1, 3136)
(1, 448) (1, 1568) (1, 3136)
(1, 448) (1, 1568) (1, 3136)
