
flx train {'Mouse3192': [1.0], 'Mouse3194': [1.0], 'Mouse3202': [nan], 'Mouse3203': [1.0], 'Mouse61635': [1.0], 'Mouse78744': [1.0], 'Mouse78752': [1.0], 'Mouse99002': [nan], 'Mouse99003': [nan], 'Mouse99021': [nan]}

flx val {'Mouse3191': [0.7235923277882745], 'Mouse3193': [0.5448632828129374], 'Mouse61631': [0.5549205814461289]}

epm train {'Mouse04205': [1.0], 'Mouse04215': [0.9999718721872187], 'Mouse0643': [1.0], 'Mouse1551': [1.0], 'Mouse39114': [1.0], 'Mouse39124': [1.0], 'Mouse39125': [1.0], 'Mouse39133': [1.0], 'Mouse6291': [1.0], 'Mouse6292': [1.0], 'Mouse6293': [1.0], 'Mouse69064': [1.0], 'Mouse69065': [1.0], 'Mouse69074': [1.0], 'Mouse8580': [1.0], 'Mouse8581': [1.0], 'Mouse8582': [1.0], 'Mouse8891': [1.0], 'Mouse8894': [1.0]}

epm val {'Mouse04193': [0.6042207899886134], 'Mouse04201': [0.8068385521949731], 'Mouse04202': [0.7712480542074902], 'Mouse0630': [0.6012599476412487], 'Mouse0633': [0.6744820411322143], 'Mouse0634': [0.6168877478248467], 'Mouse0642': [0.7166849215041986]}

oft train {'Mouse04191': [1.0], 'Mouse04205': [1.0], 'Mouse04215': [nan], 'Mouse3192': [nan], 'Mouse3194': [nan], 'Mouse3203': [nan], 'Mouse39114': [1.0], 'Mouse39124': [1.0], 'Mouse39125': [1.0], 'Mouse39133': [1.0], 'Mouse69064': [1.0], 'Mouse69065': [1.0], 'Mouse69074': [1.0]}

oft val {'Mouse04193': [0.8361156376365502], 'Mouse04201': [0.802288590729617], 'Mouse04202': [0.8061212047311304], 'Mouse3191': [0.4386161218861612], 'Mouse3193': [0.5631435881036138], 'Mouse69072': [0.7868831477519975]}
(1, 448) (1, 1568) (1, 3136)

flx train {'Mouse3192': [1.0], 'Mouse3194': [1.0], 'Mouse3202': [nan], 'Mouse3203': [1.0], 'Mouse61635': [1.0], 'Mouse78744': [1.0], 'Mouse78752': [1.0], 'Mouse99002': [nan], 'Mouse99003': [nan], 'Mouse99021': [nan]}

flx val {'Mouse3191': [0.7076984424651832], 'Mouse3193': [0.5529354268336242], 'Mouse61631': [0.565640526545636]}

epm train {'Mouse04205': [1.0], 'Mouse04215': [1.0], 'Mouse0643': [1.0], 'Mouse1551': [1.0], 'Mouse39114': [1.0], 'Mouse39124': [1.0], 'Mouse39125': [1.0], 'Mouse39133': [1.0], 'Mouse6291': [1.0], 'Mouse6292': [1.0], 'Mouse6293': [1.0], 'Mouse69064': [1.0], 'Mouse69065': [1.0], 'Mouse69074': [1.0], 'Mouse8580': [1.0], 'Mouse8581': [1.0], 'Mouse8582': [1.0], 'Mouse8891': [1.0], 'Mouse8894': [1.0]}

epm val {'Mouse04193': [0.5825640912256652], 'Mouse04201': [0.7735992982188489], 'Mouse04202': [0.7610200531086897], 'Mouse0630': [0.6291498482430615], 'Mouse0633': [0.6909755262056103], 'Mouse0634': [0.5994722578804735], 'Mouse0642': [0.7023418348719553]}

oft train {'Mouse04191': [1.0], 'Mouse04205': [1.0], 'Mouse04215': [nan], 'Mouse3192': [nan], 'Mouse3194': [nan], 'Mouse3203': [nan], 'Mouse39114': [1.0], 'Mouse39124': [1.0], 'Mouse39125': [1.0], 'Mouse39133': [1.0], 'Mouse69064': [1.0], 'Mouse69065': [1.0], 'Mouse69074': [1.0]}

oft val {'Mouse04193': [0.8309855754722675], 'Mouse04201': [0.8065644940960721], 'Mouse04202': [0.8040584481567288], 'Mouse3191': [0.4238211492382115], 'Mouse3193': [0.5466101694915255], 'Mouse69072': [0.7791673523119962]}
(1, 448) (1, 1568) (1, 3136)
(1, 448) (1, 1568) (1, 3136)

flx train {'Mouse3192': [1.0], 'Mouse3194': [1.0], 'Mouse3202': [nan], 'Mouse3203': [1.0], 'Mouse61635': [1.0], 'Mouse78744': [1.0], 'Mouse78752': [1.0], 'Mouse99002': [nan], 'Mouse99003': [nan], 'Mouse99021': [nan]}

flx val {'Mouse3191': [0.700033973371236], 'Mouse3193': [0.5640027385441505], 'Mouse61631': [0.5467218167072181]}

epm train {'Mouse04205': [1.0], 'Mouse04215': [0.9971684668466847], 'Mouse0643': [1.0], 'Mouse1551': [1.0], 'Mouse39114': [1.0], 'Mouse39124': [1.0], 'Mouse39125': [1.0], 'Mouse39133': [1.0], 'Mouse6291': [1.0], 'Mouse6292': [1.0], 'Mouse6293': [1.0], 'Mouse69064': [1.0], 'Mouse69065': [1.0], 'Mouse69074': [1.0], 'Mouse8580': [1.0], 'Mouse8581': [1.0], 'Mouse8582': [1.0], 'Mouse8891': [1.0], 'Mouse8894': [1.0]}

epm val {'Mouse04193': [0.6083221862321324], 'Mouse04201': [0.7680975628361112], 'Mouse04202': [0.765625858437872], 'Mouse0630': [0.5796489251853938], 'Mouse0633': [0.6796584579860186], 'Mouse0634': [0.6097560975609756], 'Mouse0642': [0.7085137085137085]}

oft train {'Mouse04191': [1.0], 'Mouse04205': [1.0], 'Mouse04215': [nan], 'Mouse3192': [nan], 'Mouse3194': [nan], 'Mouse3203': [nan], 'Mouse39114': [1.0], 'Mouse39124': [1.0], 'Mouse39125': [1.0], 'Mouse39133': [1.0], 'Mouse69064': [1.0], 'Mouse69065': [1.0], 'Mouse69074': [1.0]}

oft val {'Mouse04193': [0.8407749411551693], 'Mouse04201': [0.7814236793353169], 'Mouse04202': [0.8055623297971791], 'Mouse3191': [0.5026899950268999], 'Mouse3193': [0.5160217460825072], 'Mouse69072': [0.7696323112646957]}
(1, 448) (1, 1568) (1, 3136)
(1, 448) (1, 1568) (1, 3136)
(1, 448) (1, 1568) (1, 3136)

flx train {'Mouse3192': [1.0], 'Mouse3194': [1.0], 'Mouse3202': [nan], 'Mouse3203': [1.0], 'Mouse61635': [1.0], 'Mouse78744': [1.0], 'Mouse78752': [1.0], 'Mouse99002': [nan], 'Mouse99003': [nan], 'Mouse99021': [nan]}

flx val {'Mouse3191': [0.7166539879850846], 'Mouse3193': [0.5512026813940576], 'Mouse61631': [0.5654287853265956]}

epm train {'Mouse04205': [1.0], 'Mouse04215': [0.999296804680468], 'Mouse0643': [1.0], 'Mouse1551': [1.0], 'Mouse39114': [1.0], 'Mouse39124': [1.0], 'Mouse39125': [1.0], 'Mouse39133': [1.0], 'Mouse6291': [1.0], 'Mouse6292': [1.0], 'Mouse6293': [1.0], 'Mouse69064': [1.0], 'Mouse69065': [1.0], 'Mouse69074': [1.0], 'Mouse8580': [1.0], 'Mouse8581': [1.0], 'Mouse8582': [1.0], 'Mouse8891': [1.0], 'Mouse8894': [1.0]}

epm val {'Mouse04193': [0.5614048664006103], 'Mouse04201': [0.7857088371028643], 'Mouse04202': [0.7574031682080397], 'Mouse0630': [0.6221408679871085], 'Mouse0633': [0.6811809335312551], 'Mouse0634': [0.6358579375267437], 'Mouse0642': [0.7317234305186113]}

oft train {'Mouse04191': [1.0], 'Mouse04205': [1.0], 'Mouse04215': [nan], 'Mouse3192': [nan], 'Mouse3194': [nan], 'Mouse3203': [nan], 'Mouse39114': [1.0], 'Mouse39124': [1.0], 'Mouse39125': [1.0], 'Mouse39133': [1.0], 'Mouse69064': [1.0], 'Mouse69065': [1.0], 'Mouse69074': [1.0]}

oft val {'Mouse04193': [0.8318425976220654], 'Mouse04201': [0.7859428507269972], 'Mouse04202': [0.7893854407999025], 'Mouse3191': [0.48208553732085535], 'Mouse3193': [0.5356571794051808], 'Mouse69072': [0.7814162689923757]}
(1, 448) (1, 1568) (1, 3136)
(1, 448) (1, 1568) (1, 3136)
(1, 448) (1, 1568) (1, 3136)
(1, 448) (1, 1568) (1, 3136)

flx train {'Mouse3192': [1.0], 'Mouse3194': [1.0], 'Mouse3202': [nan], 'Mouse3203': [1.0], 'Mouse61635': [1.0], 'Mouse78744': [1.0], 'Mouse78752': [1.0], 'Mouse99002': [nan], 'Mouse99003': [nan], 'Mouse99021': [nan]}

flx val {'Mouse3191': [0.7000347093628139], 'Mouse3193': [0.5686843551927329], 'Mouse61631': [0.5500611391852267]}

epm train {'Mouse04205': [1.0], 'Mouse04215': [1.0], 'Mouse0643': [1.0], 'Mouse1551': [1.0], 'Mouse39114': [1.0], 'Mouse39124': [1.0], 'Mouse39125': [1.0], 'Mouse39133': [1.0], 'Mouse6291': [1.0], 'Mouse6292': [1.0], 'Mouse6293': [1.0], 'Mouse69064': [1.0], 'Mouse69065': [1.0], 'Mouse69074': [1.0], 'Mouse8580': [1.0], 'Mouse8581': [1.0], 'Mouse8582': [1.0], 'Mouse8891': [1.0], 'Mouse8894': [1.0]}

epm val {'Mouse04193': [0.5723492930342593], 'Mouse04201': [0.769890155993745], 'Mouse04202': [0.7431645453713029], 'Mouse0630': [0.6168737027650011], 'Mouse0633': [0.6859006077214884], 'Mouse0634': [0.5969619169875909], 'Mouse0642': [0.6996557659208262]}

oft train {'Mouse04191': [1.0], 'Mouse04205': [1.0], 'Mouse04215': [nan], 'Mouse3192': [nan], 'Mouse3194': [nan], 'Mouse3203': [nan], 'Mouse39114': [1.0], 'Mouse39124': [1.0], 'Mouse39125': [1.0], 'Mouse39133': [1.0], 'Mouse69064': [1.0], 'Mouse69065': [1.0], 'Mouse69074': [1.0]}

oft val {'Mouse04193': [0.8443840907719236], 'Mouse04201': [0.7727595950523026], 'Mouse04202': [0.7587590944193796], 'Mouse3191': [0.45004294950042956], 'Mouse3193': [0.5586504637032299], 'Mouse69072': [0.7629769806008082]}
(1, 448) (1, 1568) (1, 3136)
(1, 448) (1, 1568) (1, 3136)
(1, 448) (1, 1568) (1, 3136)
(1, 448) (1, 1568) (1, 3136)
(1, 448) (1, 1568) (1, 3136)

flx train {'Mouse3192': [1.0], 'Mouse3194': [1.0], 'Mouse3202': [nan], 'Mouse3203': [1.0], 'Mouse61635': [1.0], 'Mouse78744': [1.0], 'Mouse78752': [1.0], 'Mouse99002': [nan], 'Mouse99003': [nan], 'Mouse99021': [nan]}

flx val {'Mouse3191': [0.6499129469161659], 'Mouse3193': [0.56119459637287], 'Mouse61631': [0.5542465531224655]}

epm train {'Mouse04205': [1.0], 'Mouse04215': [0.9978810381038105], 'Mouse0643': [1.0], 'Mouse1551': [1.0], 'Mouse39114': [1.0], 'Mouse39124': [1.0], 'Mouse39125': [1.0], 'Mouse39133': [1.0], 'Mouse6291': [1.0], 'Mouse6292': [1.0], 'Mouse6293': [1.0], 'Mouse69064': [1.0], 'Mouse69065': [1.0], 'Mouse69074': [1.0], 'Mouse8580': [1.0], 'Mouse8581': [1.0], 'Mouse8582': [1.0], 'Mouse8891': [1.0], 'Mouse8894': [1.0]}

epm val {'Mouse04193': [0.5924140751959495], 'Mouse04201': [0.7979995423166406], 'Mouse04202': [0.7334126911454995], 'Mouse0630': [0.5561917873942656], 'Mouse0633': [0.6818406729341909], 'Mouse0634': [0.6077307088860362], 'Mouse0642': [0.7211356247500825]}

oft train {'Mouse04191': [1.0], 'Mouse04205': [1.0], 'Mouse04215': [nan], 'Mouse3192': [nan], 'Mouse3194': [nan], 'Mouse3203': [nan], 'Mouse39114': [1.0], 'Mouse39124': [1.0], 'Mouse39125': [1.0], 'Mouse39133': [1.0], 'Mouse69064': [1.0], 'Mouse69065': [1.0], 'Mouse69074': [1.0]}

oft val {'Mouse04193': [0.8275092039350594], 'Mouse04201': [0.8207488912591928], 'Mouse04202': [0.7740417835223347], 'Mouse3191': [0.46480401464804016], 'Mouse3193': [0.5347537575951391], 'Mouse69072': [0.7600424185910446]}
(1, 448) (1, 1568) (1, 3136)
(1, 448) (1, 1568) (1, 3136)
(1, 448) (1, 1568) (1, 3136)
(1, 448) (1, 1568) (1, 3136)
(1, 448) (1, 1568) (1, 3136)
(1, 448) (1, 1568) (1, 3136)
(1, 448) (1, 1568) (1, 3136)
(1, 448) (1, 1568) (1, 3136)
(1, 448) (1, 1568) (1, 3136)
(1, 448) (1, 1568) (1, 3136)

flx train {'Mouse3192': [1.0], 'Mouse3194': [0.9999554834260912], 'Mouse3202': [nan], 'Mouse3203': [1.0], 'Mouse61635': [1.0], 'Mouse78744': [1.0], 'Mouse78752': [1.0], 'Mouse99002': [nan], 'Mouse99003': [nan], 'Mouse99021': [nan]}

flx val {'Mouse3191': [0.6697894298655962], 'Mouse3193': [0.527199795682286], 'Mouse61631': [0.5456739659367397]}

epm train {'Mouse04205': [1.0], 'Mouse04215': [0.9971684668466847], 'Mouse0643': [1.0], 'Mouse1551': [1.0], 'Mouse39114': [1.0], 'Mouse39124': [1.0], 'Mouse39125': [1.0], 'Mouse39133': [1.0], 'Mouse6291': [1.0], 'Mouse6292': [1.0], 'Mouse6293': [1.0], 'Mouse69064': [1.0], 'Mouse69065': [1.0], 'Mouse69074': [1.0], 'Mouse8580': [1.0], 'Mouse8581': [1.0], 'Mouse8582': [1.0], 'Mouse8891': [1.0], 'Mouse8894': [1.0]}

epm val {'Mouse04193': [0.5856815945697955], 'Mouse04201': [0.811977954918189], 'Mouse04202': [0.7370478893874188], 'Mouse0630': [0.6020630599622433], 'Mouse0633': [0.6743551681701112], 'Mouse0634': [0.6346598202824134], 'Mouse0642': [0.721831047132252]}

oft train {'Mouse04191': [1.0], 'Mouse04205': [1.0], 'Mouse04215': [nan], 'Mouse3192': [nan], 'Mouse3194': [nan], 'Mouse3203': [nan], 'Mouse39114': [1.0], 'Mouse39124': [1.0], 'Mouse39125': [1.0], 'Mouse39133': [1.0], 'Mouse69064': [1.0], 'Mouse69065': [1.0], 'Mouse69074': [1.0]}

oft val {'Mouse04193': [0.832506488019796], 'Mouse04201': [0.8290948558169127], 'Mouse04202': [0.7925049790675933], 'Mouse3191': [0.4615941046159411], 'Mouse3193': [0.48548928685641185], 'Mouse69072': [0.7473716929040279]}
(1, 448) (1, 1568) (1, 3136)
(1, 448) (1, 1568) (1, 3136)
(1, 448) (1, 1568) (1, 3136)
(1, 448) (1, 1568) (1, 3136)
(1, 448) (1, 1568) (1, 3136)
(1, 448) (1, 1568) (1, 3136)
(1, 448) (1, 1568) (1, 3136)
(1, 448) (1, 1568) (1, 3136)
(1, 448) (1, 1568) (1, 3136)
(1, 448) (1, 1568) (1, 3136)
(1, 448) (1, 1568) (1, 3136)
(1, 448) (1, 1568) (1, 3136)
(1, 448) (1, 1568) (1, 3136)
(1, 448) (1, 1568) (1, 3136)
(1, 448) (1, 1568) (1, 3136)
(1, 448) (1, 1568) (1, 3136)
(1, 448) (1, 1568) (1, 3136)
(1, 448) (1, 1568) (1, 3136)
(1, 448) (1, 1568) (1, 3136)
(1, 448) (1, 1568) (1, 3136)
