
flx train {'Mouse3192': [1.0], 'Mouse3194': [1.0], 'Mouse3202': [nan], 'Mouse3203': [1.0], 'Mouse61631': [1.0], 'Mouse61635': [1.0], 'Mouse78744': [1.0], 'Mouse99002': [nan], 'Mouse99003': [nan], 'Mouse99021': [nan]}

flx val {'Mouse3191': [0.7808200889195585], 'Mouse3193': [0.5118008503222511], 'Mouse78752': [0.6444287524838233]}

epm train {'Mouse04193': [1.0], 'Mouse04201': [1.0], 'Mouse04202': [1.0], 'Mouse04205': [1.0], 'Mouse04215': [0.9975903840384038], 'Mouse0630': [1.0], 'Mouse0633': [1.0], 'Mouse0634': [1.0], 'Mouse0642': [1.0], 'Mouse0643': [1.0], 'Mouse1551': [1.0], 'Mouse39114': [1.0], 'Mouse39124': [1.0], 'Mouse39125': [1.0], 'Mouse39133': [1.0], 'Mouse6291': [1.0], 'Mouse6292': [1.0], 'Mouse6293': [1.0], 'Mouse69064': [1.0], 'Mouse8580': [1.0], 'Mouse8581': [1.0]}

epm val {'Mouse69065': [0.8262991339107263], 'Mouse69074': [0.6371429775044233], 'Mouse8582': [0.7222222222222222], 'Mouse8891': [0.5853323567112251], 'Mouse8894': [0.8055710048201706]}

oft train {'Mouse04193': [1.0], 'Mouse04201': [1.0], 'Mouse04202': [1.0], 'Mouse04205': [1.0], 'Mouse04215': [nan], 'Mouse3192': [nan], 'Mouse3194': [nan], 'Mouse3203': [nan], 'Mouse39114': [1.0], 'Mouse39124': [1.0], 'Mouse39125': [1.0], 'Mouse39133': [1.0], 'Mouse69064': [1.0], 'Mouse69072': [1.0]}

oft val {'Mouse04191': [0.690697586868953], 'Mouse3191': [0.47020660970206607], 'Mouse3193': [0.5774544291653342], 'Mouse69065': [0.743662430759205], 'Mouse69074': [0.7410986874088479]}
(1, 448) (1, 1568) (1, 3136)

flx train {'Mouse3192': [1.0], 'Mouse3194': [1.0], 'Mouse3202': [nan], 'Mouse3203': [1.0], 'Mouse61631': [1.0], 'Mouse61635': [1.0], 'Mouse78744': [1.0], 'Mouse99002': [nan], 'Mouse99003': [nan], 'Mouse99021': [nan]}

flx val {'Mouse3191': [0.7815342951467538], 'Mouse3193': [0.5309596218037416], 'Mouse78752': [0.6616501548522806]}

epm train {'Mouse04193': [0.9983306985639586], 'Mouse04201': [1.0], 'Mouse04202': [1.0], 'Mouse04205': [1.0], 'Mouse04215': [0.9972153465346535], 'Mouse0630': [1.0], 'Mouse0633': [1.0], 'Mouse0634': [1.0], 'Mouse0642': [1.0], 'Mouse0643': [1.0], 'Mouse1551': [1.0], 'Mouse39114': [1.0], 'Mouse39124': [1.0], 'Mouse39125': [1.0], 'Mouse39133': [1.0], 'Mouse6291': [1.0], 'Mouse6292': [1.0], 'Mouse6293': [1.0], 'Mouse69064': [1.0], 'Mouse8580': [1.0], 'Mouse8581': [1.0]}

epm val {'Mouse69065': [0.853605929380413], 'Mouse69074': [0.6615026539725335], 'Mouse8582': [0.6329365079365079], 'Mouse8891': [0.6504630235174091], 'Mouse8894': [0.767890248424175]}

oft train {'Mouse04193': [1.0], 'Mouse04201': [1.0], 'Mouse04202': [1.0], 'Mouse04205': [1.0], 'Mouse04215': [nan], 'Mouse3192': [nan], 'Mouse3194': [nan], 'Mouse3203': [nan], 'Mouse39114': [1.0], 'Mouse39124': [1.0], 'Mouse39125': [1.0], 'Mouse39133': [1.0], 'Mouse69064': [1.0], 'Mouse69072': [1.0]}

oft val {'Mouse04191': [0.6936904717087679], 'Mouse3191': [0.45176092951760927], 'Mouse3193': [0.5641189638631277], 'Mouse69065': [0.7252308026501575], 'Mouse69074': [0.7367719980554206]}
(1, 448) (1, 1568) (1, 3136)
(1, 448) (1, 1568) (1, 3136)

flx train {'Mouse3192': [1.0], 'Mouse3194': [1.0], 'Mouse3202': [nan], 'Mouse3203': [1.0], 'Mouse61631': [1.0], 'Mouse61635': [1.0], 'Mouse78744': [1.0], 'Mouse99002': [nan], 'Mouse99003': [nan], 'Mouse99021': [nan]}

flx val {'Mouse3191': [0.7808159673667222], 'Mouse3193': [0.5150252009221279], 'Mouse78752': [0.6655854908325993]}

epm train {'Mouse04193': [0.9965729573167361], 'Mouse04201': [1.0], 'Mouse04202': [1.0], 'Mouse04205': [1.0], 'Mouse04215': [0.9971590909090909], 'Mouse0630': [1.0], 'Mouse0633': [1.0], 'Mouse0634': [1.0], 'Mouse0642': [1.0], 'Mouse0643': [1.0], 'Mouse1551': [1.0], 'Mouse39114': [1.0], 'Mouse39124': [1.0], 'Mouse39125': [1.0], 'Mouse39133': [1.0], 'Mouse6291': [1.0], 'Mouse6292': [1.0], 'Mouse6293': [1.0], 'Mouse69064': [1.0], 'Mouse8580': [1.0], 'Mouse8581': [1.0]}

epm val {'Mouse69065': [0.8637908061292472], 'Mouse69074': [0.6770052236919707], 'Mouse8582': [0.7182539682539683], 'Mouse8891': [0.6015381798205457], 'Mouse8894': [0.8227196885428254]}

oft train {'Mouse04193': [1.0], 'Mouse04201': [1.0], 'Mouse04202': [1.0], 'Mouse04205': [1.0], 'Mouse04215': [nan], 'Mouse3192': [nan], 'Mouse3194': [nan], 'Mouse3203': [nan], 'Mouse39114': [1.0], 'Mouse39124': [1.0], 'Mouse39125': [1.0], 'Mouse39133': [1.0], 'Mouse69064': [1.0], 'Mouse69072': [1.0]}

oft val {'Mouse04191': [0.718706471407597], 'Mouse3191': [0.479921108549211], 'Mouse3193': [0.5902942117045091], 'Mouse69065': [0.7810796133376778], 'Mouse69074': [0.7533203694701021]}
(1, 448) (1, 1568) (1, 3136)
(1, 448) (1, 1568) (1, 3136)
(1, 448) (1, 1568) (1, 3136)

flx train {'Mouse3192': [1.0], 'Mouse3194': [1.0], 'Mouse3202': [nan], 'Mouse3203': [1.0], 'Mouse61631': [1.0], 'Mouse61635': [1.0], 'Mouse78744': [1.0], 'Mouse99002': [nan], 'Mouse99003': [nan], 'Mouse99021': [nan]}

flx val {'Mouse3191': [0.7571366159342765], 'Mouse3193': [0.523304146110467], 'Mouse78752': [0.6550091119012438]}

epm train {'Mouse04193': [0.9968161667974839], 'Mouse04201': [1.0], 'Mouse04202': [1.0], 'Mouse04205': [1.0], 'Mouse04215': [0.9971684668466847], 'Mouse0630': [1.0], 'Mouse0633': [1.0], 'Mouse0634': [1.0], 'Mouse0642': [1.0], 'Mouse0643': [1.0], 'Mouse1551': [1.0], 'Mouse39114': [1.0], 'Mouse39124': [1.0], 'Mouse39125': [1.0], 'Mouse39133': [1.0], 'Mouse6291': [1.0], 'Mouse6292': [1.0], 'Mouse6293': [1.0], 'Mouse69064': [1.0], 'Mouse8580': [1.0], 'Mouse8581': [1.0]}

epm val {'Mouse69065': [0.8540473017988008], 'Mouse69074': [0.6475692981717078], 'Mouse8582': [0.7162698412698412], 'Mouse8891': [0.6102100609516834], 'Mouse8894': [0.7980626622172785]}

oft train {'Mouse04193': [1.0], 'Mouse04201': [1.0], 'Mouse04202': [1.0], 'Mouse04205': [1.0], 'Mouse04215': [nan], 'Mouse3192': [nan], 'Mouse3194': [nan], 'Mouse3203': [nan], 'Mouse39114': [1.0], 'Mouse39124': [1.0], 'Mouse39125': [1.0], 'Mouse39133': [1.0], 'Mouse69064': [1.0], 'Mouse69072': [1.0]}

oft val {'Mouse04191': [0.7223581673756729], 'Mouse3191': [0.4952868574528686], 'Mouse3193': [0.5384473936680525], 'Mouse69065': [0.7313891604214185], 'Mouse69074': [0.7111716091395236]}
(1, 448) (1, 1568) (1, 3136)
(1, 448) (1, 1568) (1, 3136)
(1, 448) (1, 1568) (1, 3136)
(1, 448) (1, 1568) (1, 3136)

flx train {'Mouse3192': [1.0], 'Mouse3194': [1.0], 'Mouse3202': [nan], 'Mouse3203': [1.0], 'Mouse61631': [1.0], 'Mouse61635': [1.0], 'Mouse78744': [1.0], 'Mouse99002': [nan], 'Mouse99003': [nan], 'Mouse99021': [nan]}

flx val {'Mouse3191': [0.785576360892587], 'Mouse3193': [0.5399834497746037], 'Mouse78752': [0.6489609339175626]}

epm train {'Mouse04193': [1.0], 'Mouse04201': [0.9972252946336626], 'Mouse04202': [1.0], 'Mouse04205': [1.0], 'Mouse04215': [0.9971590909090909], 'Mouse0630': [1.0], 'Mouse0633': [1.0], 'Mouse0634': [1.0], 'Mouse0642': [1.0], 'Mouse0643': [1.0], 'Mouse1551': [1.0], 'Mouse39114': [1.0], 'Mouse39124': [1.0], 'Mouse39125': [1.0], 'Mouse39133': [1.0], 'Mouse6291': [1.0], 'Mouse6292': [1.0], 'Mouse6293': [1.0], 'Mouse69064': [1.0], 'Mouse8580': [1.0], 'Mouse8581': [1.0]}

epm val {'Mouse69065': [0.8354846768820786], 'Mouse69074': [0.6610287303058386], 'Mouse8582': [0.5912698412698413], 'Mouse8891': [0.6334135558636566], 'Mouse8894': [0.7594549499443827]}

oft train {'Mouse04193': [1.0], 'Mouse04201': [1.0], 'Mouse04202': [1.0], 'Mouse04205': [1.0], 'Mouse04215': [nan], 'Mouse3192': [nan], 'Mouse3194': [nan], 'Mouse3203': [nan], 'Mouse39114': [1.0], 'Mouse39124': [1.0], 'Mouse39125': [1.0], 'Mouse39133': [1.0], 'Mouse69064': [1.0], 'Mouse69072': [1.0]}

oft val {'Mouse04191': [0.6902081843165305], 'Mouse3191': [0.4699014421990144], 'Mouse3193': [0.5592101055324592], 'Mouse69065': [0.7226675355707614], 'Mouse69074': [0.7026349052017501]}
(1, 448) (1, 1568) (1, 3136)
(1, 448) (1, 1568) (1, 3136)
(1, 448) (1, 1568) (1, 3136)
(1, 448) (1, 1568) (1, 3136)
(1, 448) (1, 1568) (1, 3136)

flx train {'Mouse3192': [1.0], 'Mouse3194': [1.0], 'Mouse3202': [nan], 'Mouse3203': [1.0], 'Mouse61631': [1.0], 'Mouse61635': [1.0], 'Mouse78744': [1.0], 'Mouse99002': [nan], 'Mouse99003': [nan], 'Mouse99021': [nan]}

flx val {'Mouse3191': [0.7486582873534862], 'Mouse3193': [0.5464373631609397], 'Mouse78752': [0.6398643859770434]}

epm train {'Mouse04193': [1.0], 'Mouse04201': [1.0], 'Mouse04202': [1.0], 'Mouse04205': [1.0], 'Mouse04215': [0.9971872187218722], 'Mouse0630': [1.0], 'Mouse0633': [1.0], 'Mouse0634': [1.0], 'Mouse0642': [1.0], 'Mouse0643': [1.0], 'Mouse1551': [1.0], 'Mouse39114': [1.0], 'Mouse39124': [1.0], 'Mouse39125': [1.0], 'Mouse39133': [1.0], 'Mouse6291': [1.0], 'Mouse6292': [1.0], 'Mouse6293': [1.0], 'Mouse69064': [1.0], 'Mouse8580': [1.0], 'Mouse8581': [1.0]}

epm val {'Mouse69065': [0.8412225183211193], 'Mouse69074': [0.6597544022242816], 'Mouse8582': [0.748015873015873], 'Mouse8891': [0.6545766081565385], 'Mouse8894': [0.806868743047831]}

oft train {'Mouse04193': [1.0], 'Mouse04201': [1.0], 'Mouse04202': [1.0], 'Mouse04205': [1.0], 'Mouse04215': [nan], 'Mouse3192': [nan], 'Mouse3194': [nan], 'Mouse3203': [nan], 'Mouse39114': [1.0], 'Mouse39124': [1.0], 'Mouse39125': [1.0], 'Mouse39133': [1.0], 'Mouse69064': [1.0], 'Mouse69072': [1.0]}

oft val {'Mouse04191': [0.6597522870157738], 'Mouse3191': [0.49642840996428406], 'Mouse3193': [0.5232171410297409], 'Mouse69065': [0.7339850114043662], 'Mouse69074': [0.7059990277102577]}
(1, 448) (1, 1568) (1, 3136)
(1, 448) (1, 1568) (1, 3136)
(1, 448) (1, 1568) (1, 3136)
(1, 448) (1, 1568) (1, 3136)
(1, 448) (1, 1568) (1, 3136)
(1, 448) (1, 1568) (1, 3136)
(1, 448) (1, 1568) (1, 3136)
(1, 448) (1, 1568) (1, 3136)
(1, 448) (1, 1568) (1, 3136)
(1, 448) (1, 1568) (1, 3136)

flx train {'Mouse3192': [1.0], 'Mouse3194': [1.0], 'Mouse3202': [nan], 'Mouse3203': [1.0], 'Mouse61631': [1.0], 'Mouse61635': [1.0], 'Mouse78744': [1.0], 'Mouse99002': [nan], 'Mouse99003': [nan], 'Mouse99021': [nan]}

flx val {'Mouse3191': [0.8066344047211799], 'Mouse3193': [0.5110289868091822], 'Mouse78752': [0.6523946149255035]}

epm train {'Mouse04193': [1.0], 'Mouse04201': [1.0], 'Mouse04202': [1.0], 'Mouse04205': [1.0], 'Mouse04215': [0.9971684668466847], 'Mouse0630': [1.0], 'Mouse0633': [1.0], 'Mouse0634': [1.0], 'Mouse0642': [1.0], 'Mouse0643': [1.0], 'Mouse1551': [1.0], 'Mouse39114': [1.0], 'Mouse39124': [1.0], 'Mouse39125': [1.0], 'Mouse39133': [1.0], 'Mouse6291': [1.0], 'Mouse6292': [1.0], 'Mouse6293': [1.0], 'Mouse69064': [1.0], 'Mouse8580': [1.0], 'Mouse8581': [1.0]}

epm val {'Mouse69065': [0.8378331112591606], 'Mouse69074': [0.6897485045075407], 'Mouse8582': [0.6190476190476191], 'Mouse8891': [0.6079080231250164], 'Mouse8894': [0.7707174638487209]}

oft train {'Mouse04193': [1.0], 'Mouse04201': [1.0], 'Mouse04202': [1.0], 'Mouse04205': [1.0], 'Mouse04215': [nan], 'Mouse3192': [nan], 'Mouse3194': [nan], 'Mouse3203': [nan], 'Mouse39114': [1.0], 'Mouse39124': [1.0], 'Mouse39125': [1.0], 'Mouse39133': [1.0], 'Mouse69064': [1.0], 'Mouse69072': [1.0]}

oft val {'Mouse04191': [0.7205417309791815], 'Mouse3191': [0.45492562954925625], 'Mouse3193': [0.5755356571794052], 'Mouse69065': [0.730053220375801], 'Mouse69074': [0.757122022362664]}
(1, 448) (1, 1568) (1, 3136)
(1, 448) (1, 1568) (1, 3136)
(1, 448) (1, 1568) (1, 3136)
(1, 448) (1, 1568) (1, 3136)
(1, 448) (1, 1568) (1, 3136)
(1, 448) (1, 1568) (1, 3136)
(1, 448) (1, 1568) (1, 3136)
(1, 448) (1, 1568) (1, 3136)
(1, 448) (1, 1568) (1, 3136)
(1, 448) (1, 1568) (1, 3136)
(1, 448) (1, 1568) (1, 3136)
(1, 448) (1, 1568) (1, 3136)
(1, 448) (1, 1568) (1, 3136)
(1, 448) (1, 1568) (1, 3136)
(1, 448) (1, 1568) (1, 3136)
(1, 448) (1, 1568) (1, 3136)
(1, 448) (1, 1568) (1, 3136)
(1, 448) (1, 1568) (1, 3136)
(1, 448) (1, 1568) (1, 3136)
(1, 448) (1, 1568) (1, 3136)
