
flx train {'Mouse3192': [1.0], 'Mouse3194': [1.0], 'Mouse3202': [nan], 'Mouse3203': [1.0], 'Mouse61631': [1.0], 'Mouse78744': [1.0], 'Mouse78752': [1.0], 'Mouse99002': [nan], 'Mouse99003': [nan], 'Mouse99021': [nan]}

flx val {'Mouse3191': [0.7736488813811206], 'Mouse3193': [0.585949569948617], 'Mouse61635': [0.6270313631576362]}

epm train {'Mouse04193': [1.0], 'Mouse04201': [0.9970918036538389], 'Mouse04202': [1.0], 'Mouse04215': [0.9973091059105911], 'Mouse0630': [1.0], 'Mouse0633': [1.0], 'Mouse0634': [1.0], 'Mouse0642': [1.0], 'Mouse39125': [1.0], 'Mouse39133': [1.0], 'Mouse6293': [1.0], 'Mouse69064': [1.0], 'Mouse69065': [1.0], 'Mouse69074': [1.0], 'Mouse8580': [1.0], 'Mouse8581': [1.0], 'Mouse8582': [1.0], 'Mouse8891': [1.0], 'Mouse8894': [1.0]}

epm val {'Mouse04205': [0.6604938271604938], 'Mouse0643': [0.735229858898498], 'Mouse1551': [0.622443008503592], 'Mouse39114': [0.6497426184926185], 'Mouse39124': [0.6881227032444436], 'Mouse6291': [0.6660869113753181], 'Mouse6292': [0.6722423299394513]}

oft train {'Mouse04193': [1.0], 'Mouse04201': [1.0], 'Mouse04202': [1.0], 'Mouse04215': [nan], 'Mouse3192': [nan], 'Mouse3194': [nan], 'Mouse3203': [nan], 'Mouse39125': [1.0], 'Mouse39133': [1.0], 'Mouse69064': [1.0], 'Mouse69065': [1.0], 'Mouse69072': [1.0], 'Mouse69074': [1.0]}

oft val {'Mouse04191': [0.6329292625079999], 'Mouse04205': [0.7955204640670318], 'Mouse3191': [0.4978299199782992], 'Mouse3193': [0.5378717620722737], 'Mouse39114': [0.6869339622641509], 'Mouse39124': [0.7684902890695573]}
(1, 448) (1, 1568) (1, 3136)

flx train {'Mouse3192': [1.0], 'Mouse3194': [1.0], 'Mouse3202': [nan], 'Mouse3203': [1.0], 'Mouse61631': [1.0], 'Mouse78744': [1.0], 'Mouse78752': [1.0], 'Mouse99002': [nan], 'Mouse99003': [nan], 'Mouse99021': [nan]}

flx val {'Mouse3191': [0.7460799616577827], 'Mouse3193': [0.5828693209777939], 'Mouse61635': [0.6373322908143683]}

epm train {'Mouse04193': [1.0], 'Mouse04201': [1.0], 'Mouse04202': [1.0], 'Mouse04215': [0.9971684668466847], 'Mouse0630': [1.0], 'Mouse0633': [1.0], 'Mouse0634': [1.0], 'Mouse0642': [1.0], 'Mouse39125': [1.0], 'Mouse39133': [1.0], 'Mouse6293': [1.0], 'Mouse69064': [1.0], 'Mouse69065': [1.0], 'Mouse69074': [1.0], 'Mouse8580': [1.0], 'Mouse8581': [1.0], 'Mouse8582': [1.0], 'Mouse8891': [1.0], 'Mouse8894': [1.0]}

epm val {'Mouse04205': [0.6012345679012345], 'Mouse0643': [0.7122894856622668], 'Mouse1551': [0.6391513838568708], 'Mouse39114': [0.6384761072261071], 'Mouse39124': [0.679142020555348], 'Mouse6291': [0.7001799837322396], 'Mouse6292': [0.6854091262727058]}

oft train {'Mouse04193': [1.0], 'Mouse04201': [1.0], 'Mouse04202': [1.0], 'Mouse04215': [nan], 'Mouse3192': [nan], 'Mouse3194': [nan], 'Mouse3203': [nan], 'Mouse39125': [1.0], 'Mouse39133': [1.0], 'Mouse69064': [1.0], 'Mouse69065': [1.0], 'Mouse69072': [1.0], 'Mouse69074': [1.0]}

oft val {'Mouse04191': [0.6710273688965854], 'Mouse04205': [0.8003097360976833], 'Mouse3191': [0.5280754102807541], 'Mouse3193': [0.5528781579788935], 'Mouse39114': [0.6674371069182389], 'Mouse39124': [0.7529452725082806]}
(1, 448) (1, 1568) (1, 3136)
(1, 448) (1, 1568) (1, 3136)

flx train {'Mouse3192': [1.0], 'Mouse3194': [1.0], 'Mouse3202': [nan], 'Mouse3203': [1.0], 'Mouse61631': [1.0], 'Mouse78744': [1.0], 'Mouse78752': [1.0], 'Mouse99002': [nan], 'Mouse99003': [nan], 'Mouse99021': [nan]}

flx val {'Mouse3191': [0.7772446418341146], 'Mouse3193': [0.5738445732092997], 'Mouse61635': [0.6148271618916592]}

epm train {'Mouse04193': [1.0], 'Mouse04201': [0.9968724970441283], 'Mouse04202': [1.0], 'Mouse04215': [0.9987623762376239], 'Mouse0630': [1.0], 'Mouse0633': [1.0], 'Mouse0634': [1.0], 'Mouse0642': [1.0], 'Mouse39125': [1.0], 'Mouse39133': [1.0], 'Mouse6293': [1.0], 'Mouse69064': [1.0], 'Mouse69065': [1.0], 'Mouse69074': [1.0], 'Mouse8580': [1.0], 'Mouse8581': [1.0], 'Mouse8582': [1.0], 'Mouse8891': [1.0], 'Mouse8894': [1.0]}

epm val {'Mouse04205': [0.6839506172839506], 'Mouse0643': [0.7394629039599454], 'Mouse1551': [0.6503816033566155], 'Mouse39114': [0.646246114996115], 'Mouse39124': [0.6917385579814097], 'Mouse6291': [0.656118581589741], 'Mouse6292': [0.6846142137130873]}

oft train {'Mouse04193': [1.0], 'Mouse04201': [1.0], 'Mouse04202': [1.0], 'Mouse04215': [nan], 'Mouse3192': [nan], 'Mouse3194': [nan], 'Mouse3203': [nan], 'Mouse39125': [1.0], 'Mouse39133': [1.0], 'Mouse69064': [1.0], 'Mouse69065': [1.0], 'Mouse69072': [1.0], 'Mouse69074': [1.0]}

oft val {'Mouse04191': [0.6365903700636223], 'Mouse04205': [0.8337093135675153], 'Mouse3191': [0.46566300465663], 'Mouse3193': [0.5172529581068117], 'Mouse39114': [0.6927987421383648], 'Mouse39124': [0.7529923215898825]}
(1, 448) (1, 1568) (1, 3136)
(1, 448) (1, 1568) (1, 3136)
(1, 448) (1, 1568) (1, 3136)

flx train {'Mouse3192': [1.0], 'Mouse3194': [1.0], 'Mouse3202': [nan], 'Mouse3203': [1.0], 'Mouse61631': [1.0], 'Mouse78744': [1.0], 'Mouse78752': [1.0], 'Mouse99002': [nan], 'Mouse99003': [nan], 'Mouse99021': [nan]}

flx val {'Mouse3191': [0.7802252605262988], 'Mouse3193': [0.6058159724085238], 'Mouse61635': [0.6024395940727385]}

epm train {'Mouse04193': [1.0], 'Mouse04201': [1.0], 'Mouse04202': [1.0], 'Mouse04215': [1.0], 'Mouse0630': [1.0], 'Mouse0633': [1.0], 'Mouse0634': [1.0], 'Mouse0642': [1.0], 'Mouse39125': [1.0], 'Mouse39133': [1.0], 'Mouse6293': [1.0], 'Mouse69064': [1.0], 'Mouse69065': [1.0], 'Mouse69074': [1.0], 'Mouse8580': [1.0], 'Mouse8581': [1.0], 'Mouse8582': [1.0], 'Mouse8891': [1.0], 'Mouse8894': [1.0]}

epm val {'Mouse04205': [0.49135802469135803], 'Mouse0643': [0.7569412835685024], 'Mouse1551': [0.6487132558921301], 'Mouse39114': [0.6473873348873349], 'Mouse39124': [0.7245956727651464], 'Mouse6291': [0.681748957305782], 'Mouse6292': [0.6718279606264588]}

oft train {'Mouse04193': [1.0], 'Mouse04201': [1.0], 'Mouse04202': [1.0], 'Mouse04215': [nan], 'Mouse3192': [nan], 'Mouse3194': [nan], 'Mouse3203': [nan], 'Mouse39125': [1.0], 'Mouse39133': [1.0], 'Mouse69064': [1.0], 'Mouse69065': [1.0], 'Mouse69072': [1.0], 'Mouse69074': [1.0]}

oft val {'Mouse04191': [0.6856529759439822], 'Mouse04205': [0.811414580871558], 'Mouse3191': [0.48529544735295443], 'Mouse3193': [0.5664055004796931], 'Mouse39114': [0.7022955974842767], 'Mouse39124': [0.7990721921108099]}
(1, 448) (1, 1568) (1, 3136)
(1, 448) (1, 1568) (1, 3136)
(1, 448) (1, 1568) (1, 3136)
(1, 448) (1, 1568) (1, 3136)

flx train {'Mouse3192': [1.0], 'Mouse3194': [1.0], 'Mouse3202': [nan], 'Mouse3203': [1.0], 'Mouse61631': [1.0], 'Mouse78744': [1.0], 'Mouse78752': [1.0], 'Mouse99002': [nan], 'Mouse99003': [nan], 'Mouse99021': [nan]}

flx val {'Mouse3191': [0.7757430718168805], 'Mouse3193': [0.5739834626517705], 'Mouse61635': [0.6474233260770025]}

epm train {'Mouse04193': [1.0], 'Mouse04201': [1.0], 'Mouse04202': [1.0], 'Mouse04215': [0.9978716621662167], 'Mouse0630': [1.0], 'Mouse0633': [1.0], 'Mouse0634': [1.0], 'Mouse0642': [1.0], 'Mouse39125': [1.0], 'Mouse39133': [1.0], 'Mouse6293': [1.0], 'Mouse69064': [1.0], 'Mouse69065': [1.0], 'Mouse69074': [1.0], 'Mouse8580': [1.0], 'Mouse8581': [1.0], 'Mouse8582': [1.0], 'Mouse8891': [1.0], 'Mouse8894': [1.0]}

epm val {'Mouse04205': [0.5790123456790123], 'Mouse0643': [0.7520710059171597], 'Mouse1551': [0.6221815510651278], 'Mouse39114': [0.6677836052836053], 'Mouse39124': [0.6887024190854246], 'Mouse6291': [0.6811518958863332], 'Mouse6292': [0.6646568345567094]}

oft train {'Mouse04193': [1.0], 'Mouse04201': [1.0], 'Mouse04202': [1.0], 'Mouse04215': [nan], 'Mouse3192': [nan], 'Mouse3194': [nan], 'Mouse3203': [nan], 'Mouse39125': [1.0], 'Mouse39133': [1.0], 'Mouse69064': [1.0], 'Mouse69065': [1.0], 'Mouse69072': [1.0], 'Mouse69074': [1.0]}

oft val {'Mouse04191': [0.6267740842525317], 'Mouse04205': [0.7984029791957604], 'Mouse3191': [0.4827071748270718], 'Mouse3193': [0.49166133674448353], 'Mouse39114': [0.6405345911949686], 'Mouse39124': [0.758864046973803]}
(1, 448) (1, 1568) (1, 3136)
(1, 448) (1, 1568) (1, 3136)
(1, 448) (1, 1568) (1, 3136)
(1, 448) (1, 1568) (1, 3136)
(1, 448) (1, 1568) (1, 3136)

flx train {'Mouse3192': [1.0], 'Mouse3194': [1.0], 'Mouse3202': [nan], 'Mouse3203': [1.0], 'Mouse61631': [1.0], 'Mouse78744': [1.0], 'Mouse78752': [1.0], 'Mouse99002': [nan], 'Mouse99003': [nan], 'Mouse99021': [nan]}

flx val {'Mouse3191': [0.78503673186767], 'Mouse3193': [0.5775939749575897], 'Mouse61635': [0.6142966450685791]}

epm train {'Mouse04193': [1.0], 'Mouse04201': [1.0], 'Mouse04202': [1.0], 'Mouse04215': [0.9971684668466847], 'Mouse0630': [1.0], 'Mouse0633': [1.0], 'Mouse0634': [1.0], 'Mouse0642': [1.0], 'Mouse39125': [1.0], 'Mouse39133': [1.0], 'Mouse6293': [1.0], 'Mouse69064': [1.0], 'Mouse69065': [1.0], 'Mouse69074': [1.0], 'Mouse8580': [1.0], 'Mouse8581': [1.0], 'Mouse8582': [1.0], 'Mouse8891': [1.0], 'Mouse8894': [1.0]}

epm val {'Mouse04205': [0.6074074074074074], 'Mouse0643': [0.7513427401001366], 'Mouse1551': [0.6303489834285786], 'Mouse39114': [0.6293949106449106], 'Mouse39124': [0.7125002456423055], 'Mouse6291': [0.6875118979630688], 'Mouse6292': [0.6537394716368434]}

oft train {'Mouse04193': [1.0], 'Mouse04201': [1.0], 'Mouse04202': [1.0], 'Mouse04215': [nan], 'Mouse3192': [nan], 'Mouse3194': [nan], 'Mouse3203': [nan], 'Mouse39125': [1.0], 'Mouse39133': [1.0], 'Mouse69064': [1.0], 'Mouse69065': [1.0], 'Mouse69072': [1.0], 'Mouse69074': [1.0]}

oft val {'Mouse04191': [0.623555321311599], 'Mouse04205': [0.8368693379167115], 'Mouse3191': [0.48473032234730323], 'Mouse3193': [0.525431723696834], 'Mouse39114': [0.7111792452830188], 'Mouse39124': [0.7581959500150557]}
(1, 448) (1, 1568) (1, 3136)
(1, 448) (1, 1568) (1, 3136)
(1, 448) (1, 1568) (1, 3136)
(1, 448) (1, 1568) (1, 3136)
(1, 448) (1, 1568) (1, 3136)
(1, 448) (1, 1568) (1, 3136)
(1, 448) (1, 1568) (1, 3136)
(1, 448) (1, 1568) (1, 3136)
(1, 448) (1, 1568) (1, 3136)
(1, 448) (1, 1568) (1, 3136)

flx train {'Mouse3192': [0.5], 'Mouse3194': [0.5], 'Mouse3202': [nan], 'Mouse3203': [0.5], 'Mouse61631': [0.5], 'Mouse78744': [0.5], 'Mouse78752': [0.5], 'Mouse99002': [nan], 'Mouse99003': [nan], 'Mouse99021': [nan]}

flx val {'Mouse3191': [0.5], 'Mouse3193': [0.5], 'Mouse61635': [0.5]}

epm train {'Mouse04193': [0.5], 'Mouse04201': [0.5], 'Mouse04202': [0.5], 'Mouse04215': [0.5], 'Mouse0630': [0.5], 'Mouse0633': [0.5], 'Mouse0634': [0.5], 'Mouse0642': [0.5], 'Mouse39125': [0.5], 'Mouse39133': [0.5], 'Mouse6293': [0.5], 'Mouse69064': [0.5], 'Mouse69065': [0.5], 'Mouse69074': [0.5], 'Mouse8580': [0.5], 'Mouse8581': [0.5], 'Mouse8582': [0.5], 'Mouse8891': [0.5], 'Mouse8894': [0.5]}

epm val {'Mouse04205': [0.5], 'Mouse0643': [0.5], 'Mouse1551': [0.5], 'Mouse39114': [0.5], 'Mouse39124': [0.5], 'Mouse6291': [0.5], 'Mouse6292': [0.5]}

oft train {'Mouse04193': [0.5], 'Mouse04201': [0.5], 'Mouse04202': [0.5], 'Mouse04215': [nan], 'Mouse3192': [nan], 'Mouse3194': [nan], 'Mouse3203': [nan], 'Mouse39125': [0.5], 'Mouse39133': [0.5], 'Mouse69064': [0.5], 'Mouse69065': [0.5], 'Mouse69072': [0.5], 'Mouse69074': [0.5]}

oft val {'Mouse04191': [0.5], 'Mouse04205': [0.5], 'Mouse3191': [0.5], 'Mouse3193': [0.5], 'Mouse39114': [0.5], 'Mouse39124': [0.5]}
(1, 448) (1, 1568) (1, 3136)
(1, 448) (1, 1568) (1, 3136)
(1, 448) (1, 1568) (1, 3136)
(1, 448) (1, 1568) (1, 3136)
(1, 448) (1, 1568) (1, 3136)
(1, 448) (1, 1568) (1, 3136)
(1, 448) (1, 1568) (1, 3136)
(1, 448) (1, 1568) (1, 3136)
(1, 448) (1, 1568) (1, 3136)
(1, 448) (1, 1568) (1, 3136)
(1, 448) (1, 1568) (1, 3136)
(1, 448) (1, 1568) (1, 3136)
(1, 448) (1, 1568) (1, 3136)
(1, 448) (1, 1568) (1, 3136)
(1, 448) (1, 1568) (1, 3136)
(1, 448) (1, 1568) (1, 3136)
(1, 448) (1, 1568) (1, 3136)
(1, 448) (1, 1568) (1, 3136)
(1, 448) (1, 1568) (1, 3136)
(1, 448) (1, 1568) (1, 3136)
