Running  Hipp-VTA
(55657, 56) (55657, 3)
Pretraining NMF...
Identifying predictive components for supervised network 0
Selecting network: 1 with auc 0.5277241473938926 for sup net 0 using constraint n/a correlation
Identifying predictive components for supervised network 1
Selecting network: 3 with auc 0.5221268492692916 for sup net 1 using constraint n/a correlation
Identifying predictive components for supervised network 2
Selecting network: 2 with auc 0.5168626114908288 for sup net 2 using constraint n/a correlation
Beginning Training
Saving the last epoch with training MSE: 0.02182 and AUCs:[0.5476556565608265]
FLX test auc: 0.534 +/- 0.016
{'Mouse69061': [0.496224765191725], 'Mouse78732': [0.616313160041829], 'Mouse78743': [0.5249670243902439], 'Mouse78745': [0.5038457058273693], 'Mouse78751': [0.5198876182589991], 'Mouse78764': [0.5432282162853445]}
EPM test auc: 0.529 +/- 0.014
{'Mouse0641': [0.5036919831223629], 'Mouse39115': [0.5437518849904495], 'Mouse39121': [0.5756929739216696], 'Mouse39122': [0.5039977386528832], 'Mouse39132': [0.4428436466698158], 'Mouse39135': [0.48075909330521877], 'Mouse6674': [0.535818858560794], 'Mouse69061': [0.5815001561733077], 'Mouse69071': [0.603620635046322], 'Mouse69075': [0.48249571792622303], 'Mouse8893': [0.5630825709123239]}
OFT test auc: 0.493 +/- 0.032
{'Mouse04203': [0.47879455838946494], 'Mouse39115': [0.4763707822085889], 'Mouse39121': [0.38391927464170805], 'Mouse39122': [0.5556369936034116], 'Mouse39132': [0.31570453606903], 'Mouse39135': [0.44069466912106503], 'Mouse69061': [0.5934620073869545], 'Mouse69071': [0.6314441372580908], 'Mouse69075': [0.5572514027431421]}
(55657, 56) (55657, 3)
Pretraining NMF...
Identifying predictive components for supervised network 0
Selecting network: 3 with auc 0.5353606782113569 for sup net 0 using constraint n/a correlation
Identifying predictive components for supervised network 1
Selecting network: 1 with auc 0.5310352226337688 for sup net 1 using constraint n/a correlation
Identifying predictive components for supervised network 2
Selecting network: 2 with auc 0.5121655562023487 for sup net 2 using constraint n/a correlation
Beginning Training
Saving the last epoch with training MSE: 0.0138177 and AUCs:[0.5410975745095122]
FLX test auc: 0.523 +/- 0.012
{'Mouse69061': [0.48707632104166854], 'Mouse78732': [0.5807089668011169], 'Mouse78743': [0.5219036097560976], 'Mouse78745': [0.5170200041479984], 'Mouse78751': [0.5128487093826738], 'Mouse78764': [0.5195499773857983]}
EPM test auc: 0.520 +/- 0.014
{'Mouse0641': [0.61795166858458], 'Mouse39115': [0.48533226098321103], 'Mouse39121': [0.5539022110303518], 'Mouse39122': [0.48267141818769177], 'Mouse39132': [0.45640056683986774], 'Mouse39135': [0.5107492379271619], 'Mouse6674': [0.4815384615384615], 'Mouse69061': [0.5595778858596225], 'Mouse69071': [0.548771676300578], 'Mouse69075': [0.4853156201696119], 'Mouse8893': [0.5427768376975364]}
OFT test auc: 0.505 +/- 0.019
{'Mouse04203': [0.42896200711420573], 'Mouse39115': [0.5856978527607363], 'Mouse39121': [0.45149458906112905], 'Mouse39122': [0.4996573256168139], 'Mouse39132': [0.47604273077006665], 'Mouse39135': [0.4494059240252134], 'Mouse69061': [0.569001685373113], 'Mouse69071': [0.5763589608066352], 'Mouse69075': [0.5125467581047382]}
(55657, 56) (55657, 3)
Pretraining NMF...
Identifying predictive components for supervised network 0
Selecting network: 1 with auc 0.5305276209901277 for sup net 0 using constraint n/a correlation
Identifying predictive components for supervised network 1
Selecting network: 0 with auc 0.5261030305941838 for sup net 1 using constraint n/a correlation
Identifying predictive components for supervised network 2
Selecting network: 3 with auc 0.520889786673892 for sup net 2 using constraint n/a correlation
Beginning Training
Saving the last epoch with training MSE: 0.0131895 and AUCs:[0.5499460845713647]
FLX test auc: 0.524 +/- 0.015
{'Mouse69061': [0.4978058898892268], 'Mouse78732': [0.601331575137036], 'Mouse78743': [0.5305201951219513], 'Mouse78745': [0.5060020967279113], 'Mouse78751': [0.4980449193840062], 'Mouse78764': [0.5096211731312091]}
EPM test auc: 0.522 +/- 0.016
{'Mouse0641': [0.602560414269275], 'Mouse39115': [0.5176937770181965], 'Mouse39121': [0.5567876151777027], 'Mouse39122': [0.45232494750444197], 'Mouse39132': [0.4233112895606991], 'Mouse39135': [0.4686690655726433], 'Mouse6674': [0.5265446650124069], 'Mouse69061': [0.5693097139797421], 'Mouse69071': [0.5800439464724048], 'Mouse69075': [0.508282157329657], 'Mouse8893': [0.5418303840307455]}
OFT test auc: 0.474 +/- 0.019
{'Mouse04203': [0.43580186180277], 'Mouse39115': [0.5538726993865031], 'Mouse39121': [0.38180754606610123], 'Mouse39122': [0.5259861407249468], 'Mouse39132': [0.41747266839096697], 'Mouse39135': [0.45733623398598017], 'Mouse69061': [0.5329364937067451], 'Mouse69071': [0.5097475199219386], 'Mouse69075': [0.4506624064837905]}
(55657, 56) (55657, 3)
Pretraining NMF...
Identifying predictive components for supervised network 0
Selecting network: 10 with auc 0.5302328632610107 for sup net 0 using constraint n/a correlation
Identifying predictive components for supervised network 1
Selecting network: 1 with auc 0.5285476615610997 for sup net 1 using constraint n/a correlation
Identifying predictive components for supervised network 2
Selecting network: 12 with auc 0.5195301975584995 for sup net 2 using constraint n/a correlation
Beginning Training
Saving the last epoch with training MSE: 0.011036 and AUCs:[0.547879908507819]
FLX test auc: 0.522 +/- 0.012
{'Mouse69061': [0.499596184964717], 'Mouse78732': [0.587310965169327], 'Mouse78743': [0.529458081300813], 'Mouse78745': [0.5084663202425158], 'Mouse78751': [0.5057084356499724], 'Mouse78764': [0.5039631388511985]}
EPM test auc: 0.521 +/- 0.017
{'Mouse0641': [0.6294112006137322], 'Mouse39115': [0.5127174022318287], 'Mouse39121': [0.5543075983898967], 'Mouse39122': [0.44500585527378456], 'Mouse39132': [0.4279995276334435], 'Mouse39135': [0.48546904723705625], 'Mouse6674': [0.5094665012406947], 'Mouse69061': [0.5667707822051671], 'Mouse69071': [0.561534959220841], 'Mouse69075': [0.500475205748423], 'Mouse8893': [0.5365460177244958]}
OFT test auc: 0.475 +/- 0.017
{'Mouse04203': [0.42448251721789143], 'Mouse39115': [0.5618289877300613], 'Mouse39121': [0.3973559520327581], 'Mouse39122': [0.5008376484922327], 'Mouse39132': [0.4529439892195005], 'Mouse39135': [0.4617336977743069], 'Mouse69061': [0.5272080180729373], 'Mouse69071': [0.5077959830866807], 'Mouse69075': [0.44312655860349126]}
(55657, 56) (55657, 3)
Pretraining NMF...
Identifying predictive components for supervised network 0
Selecting network: 3 with auc 0.5305600777658647 for sup net 0 using constraint n/a correlation
Identifying predictive components for supervised network 1
Selecting network: 10 with auc 0.5298958505534082 for sup net 1 using constraint n/a correlation
Identifying predictive components for supervised network 2
Selecting network: 1 with auc 0.5259141153051687 for sup net 2 using constraint n/a correlation
Beginning Training
Saving the last epoch with training MSE: 0.0135297 and AUCs:[0.5364850821067904]
FLX test auc: 0.529 +/- 0.019
{'Mouse69061': [0.4936490643983301], 'Mouse78732': [0.621922150975052], 'Mouse78743': [0.5156279674796748], 'Mouse78745': [0.49763464658202095], 'Mouse78751': [0.49663009441684275], 'Mouse78764': [0.5493032486470468]}
EPM test auc: 0.522 +/- 0.012
{'Mouse0641': [0.48774932873034144], 'Mouse39115': [0.5181763345732382], 'Mouse39121': [0.5489421774547397], 'Mouse39122': [0.5286353173962204], 'Mouse39132': [0.4722838923004252], 'Mouse39135': [0.45378286080997454], 'Mouse6674': [0.5418300248138957], 'Mouse69061': [0.5456026058631922], 'Mouse69071': [0.5947323620239131], 'Mouse69075': [0.4951905000626645], 'Mouse8893': [0.5560702096538275]}
OFT test auc: 0.490 +/- 0.023
{'Mouse04203': [0.4912207674260198], 'Mouse39115': [0.48669957822085896], 'Mouse39121': [0.43919859608072537], 'Mouse39122': [0.5882767286018885], 'Mouse39132': [0.33001151948531804], 'Mouse39135': [0.4759115672821257], 'Mouse69061': [0.5335729909993904], 'Mouse69071': [0.5274333224914621], 'Mouse69075': [0.5371454177057357]}
(55657, 56) (55657, 3)
Pretraining NMF...
Identifying predictive components for supervised network 0
Selecting network: 1 with auc 0.5301990529418277 for sup net 0 using constraint n/a correlation
Identifying predictive components for supervised network 1
Selecting network: 3 with auc 0.5299725669575186 for sup net 1 using constraint n/a correlation
Identifying predictive components for supervised network 2
Selecting network: 10 with auc 0.5263883822037191 for sup net 2 using constraint n/a correlation
Beginning Training
Saving the last epoch with training MSE: 0.00992505 and AUCs:[0.5429396187601295]
FLX test auc: 0.525 +/- 0.017
{'Mouse69061': [0.49539520128291165], 'Mouse78732': [0.6142844830558141], 'Mouse78743': [0.5205969430894308], 'Mouse78745': [0.5016924401310313], 'Mouse78751': [0.4909792416195534], 'Mouse78764': [0.5299725900279169]}
EPM test auc: 0.525 +/- 0.012
{'Mouse0641': [0.53313195243575], 'Mouse39115': [0.5183371870915854], 'Mouse39121': [0.5516892729735402], 'Mouse39122': [0.5010398158617347], 'Mouse39132': [0.4622461029759093], 'Mouse39135': [0.46115147486878594], 'Mouse6674': [0.5368176178660049], 'Mouse69061': [0.5440007139351211], 'Mouse69071': [0.6010323461873466], 'Mouse69075': [0.5102874211471781], 'Mouse8893': [0.5604296326038949]}
OFT test auc: 0.488 +/- 0.021
{'Mouse04203': [0.4762307954287444], 'Mouse39115': [0.5212087806748467], 'Mouse39121': [0.416993272886809], 'Mouse39122': [0.5678066935729517], 'Mouse39132': [0.3601523614944902], 'Mouse39135': [0.46715382755991897], 'Mouse69061': [0.5345187721877577], 'Mouse69071': [0.5297812652463816], 'Mouse69075': [0.5212437655860349]}
(55657, 56) (55657, 3)
Pretraining NMF...
Identifying predictive components for supervised network 0
Selecting network: 17 with auc 0.5336314556277703 for sup net 0 using constraint n/a correlation
Identifying predictive components for supervised network 1
Selecting network: 3 with auc 0.5294391724073382 for sup net 1 using constraint n/a correlation
Identifying predictive components for supervised network 2
Selecting network: 14 with auc 0.5258820228277125 for sup net 2 using constraint n/a correlation
Beginning Training
Saving the last epoch with training MSE: 0.0151375 and AUCs:[0.5319008175126752]
FLX test auc: 0.506 +/- 0.011
{'Mouse69061': [0.5083707370641195], 'Mouse78732': [0.5601481251651901], 'Mouse78743': [0.5123944065040651], 'Mouse78745': [0.4820462700687829], 'Mouse78751': [0.477896869586736], 'Mouse78764': [0.4928120954787193]}
EPM test auc: 0.519 +/- 0.013
{'Mouse0641': [0.5163741848868432], 'Mouse39115': [0.5355182467075501], 'Mouse39121': [0.539627806711307], 'Mouse39122': [0.470920489420126], 'Mouse39132': [0.4411903637222485], 'Mouse39135': [0.45537576493777354], 'Mouse6674': [0.5633933002481389], 'Mouse69061': [0.5423497389674713], 'Mouse69071': [0.5823996357589675], 'Mouse69075': [0.5334419517901158], 'Mouse8893': [0.5309031462414318]}
OFT test auc: 0.500 +/- 0.018
{'Mouse04203': [0.49062476349050177], 'Mouse39115': [0.5321606595092024], 'Mouse39121': [0.4206727113190992], 'Mouse39122': [0.5823465580261955], 'Mouse39132': [0.4133647764567802], 'Mouse39135': [0.46678194901545156], 'Mouse69061': [0.5641069315451644], 'Mouse69071': [0.5229305578142787], 'Mouse69075': [0.5031211034912718]}
(55657, 56) (55657, 3)
Pretraining NMF...
Identifying predictive components for supervised network 0
Selecting network: 15 with auc 0.5303992575854515 for sup net 0 using constraint n/a correlation
Identifying predictive components for supervised network 1
Selecting network: 3 with auc 0.5278421644034609 for sup net 1 using constraint n/a correlation
Identifying predictive components for supervised network 2
Selecting network: 17 with auc 0.5264093694777446 for sup net 2 using constraint n/a correlation
Beginning Training
Saving the last epoch with training MSE: 0.0143646 and AUCs:[0.5314366615363137]
FLX test auc: 0.506 +/- 0.011
{'Mouse69061': [0.5098174988452052], 'Mouse78732': [0.5565277346847313], 'Mouse78743': [0.5128632195121952], 'Mouse78745': [0.48174255704207947], 'Mouse78751': [0.47929408657415334], 'Mouse78764': [0.4943768617726415]}
EPM test auc: 0.518 +/- 0.013
{'Mouse0641': [0.5112677406981204], 'Mouse39115': [0.5375942495224691], 'Mouse39121': [0.5358600888990632], 'Mouse39122': [0.4689165724438702], 'Mouse39132': [0.43712210675484175], 'Mouse39135': [0.4532327931974971], 'Mouse6674': [0.5642555831265509], 'Mouse69061': [0.5428584177412877], 'Mouse69071': [0.5808753662206034], 'Mouse69075': [0.5334837281196475], 'Mouse8893': [0.5289170275618781]}
OFT test auc: 0.501 +/- 0.018
{'Mouse04203': [0.492237758268372], 'Mouse39115': [0.5317292944785277], 'Mouse39121': [0.4178999707516817], 'Mouse39122': [0.5835744745659458], 'Mouse39132': [0.4203634071594688], 'Mouse39135': [0.47045424964206695], 'Mouse69061': [0.5650930541112346], 'Mouse69071': [0.5242163359895918], 'Mouse69075': [0.5032730673316709]}
(55657, 56) (55657, 3)
Pretraining NMF...
Identifying predictive components for supervised network 0
Selecting network: 17 with auc 0.5340717354654677 for sup net 0 using constraint n/a correlation
Identifying predictive components for supervised network 1
Selecting network: 3 with auc 0.532131705074574 for sup net 1 using constraint n/a correlation
Identifying predictive components for supervised network 2
Selecting network: 14 with auc 0.5276178796541177 for sup net 2 using constraint n/a correlation
Beginning Training
Saving the last epoch with training MSE: 0.0131224 and AUCs:[0.5318214264544288]
FLX test auc: 0.505 +/- 0.011
{'Mouse69061': [0.5083371826493172], 'Mouse78732': [0.5577973994782868], 'Mouse78743': [0.5103871219512195], 'Mouse78745': [0.48342278046576903], 'Mouse78751': [0.4791171739668399], 'Mouse78764': [0.4931998510581887]}
EPM test auc: 0.520 +/- 0.012
{'Mouse0641': [0.5180283851169927], 'Mouse39115': [0.5356891525082939], 'Mouse39121': [0.5398328850226063], 'Mouse39122': [0.4730455499919238], 'Mouse39132': [0.4468410486537553], 'Mouse39135': [0.4577364717746556], 'Mouse6674': [0.5603722084367245], 'Mouse69061': [0.5366471821873187], 'Mouse69071': [0.5824293293214031], 'Mouse69075': [0.5362618540335047], 'Mouse8893': [0.5286373935239624]}
OFT test auc: 0.501 +/- 0.018
{'Mouse04203': [0.4921100431393325], 'Mouse39115': [0.5347009202453988], 'Mouse39121': [0.42164375548405963], 'Mouse39122': [0.5834412123058179], 'Mouse39132': [0.4146797365732791], 'Mouse39135': [0.4692363474089362], 'Mouse69061': [0.5608079033241296], 'Mouse69071': [0.5235709058383478], 'Mouse69075': [0.5086190773067332]}
