Running  Amy-IL_Cx
(55657, 56) (55657, 3)
Pretraining NMF...
Identifying predictive components for supervised network 0
Selecting network: 0 with auc 0.5819023603624203 for sup net 0 using constraint n/a correlation
Identifying predictive components for supervised network 1
Selecting network: 3 with auc 0.4648468737400369 for sup net 1 using constraint n/a correlation
Identifying predictive components for supervised network 2
Selecting network: 2 with auc 0.5234547584847694 for sup net 2 using constraint n/a correlation
Beginning Training
Saving the last epoch with training MSE: 0.0201097 and AUCs:[0.5561505016414084]
FLX test auc: 0.493 +/- 0.024
{'Mouse69061': [0.40035675170023555], 'Mouse78732': [0.5902957332138219], 'Mouse78743': [0.5251663089430895], 'Mouse78745': [0.5029705065956014], 'Mouse78751': [0.4719686911084461], 'Mouse78764': [0.46450174675213274]}
EPM test auc: 0.536 +/- 0.015
{'Mouse0641': [0.5148158803222095], 'Mouse39115': [0.6367397205187495], 'Mouse39121': [0.5241277017875199], 'Mouse39122': [0.5166067678888709], 'Mouse39132': [0.5354038734057629], 'Mouse39135': [0.5714400311704979], 'Mouse6674': [0.4698200992555831], 'Mouse69061': [0.5038552496541876], 'Mouse69071': [0.5930893182358066], 'Mouse69075': [0.5705184442494883], 'Mouse8893': [0.4599478016462558]}
OFT test auc: 0.733 +/- 0.024
{'Mouse04203': [0.7424033149171271], 'Mouse39115': [0.8592072469325153], 'Mouse39121': [0.7838900263234865], 'Mouse39122': [0.618222662199208], 'Mouse39132': [0.8125366776065552], 'Mouse39135': [0.6956174113534519], 'Mouse69061': [0.7118280919424822], 'Mouse69071': [0.7174540575703366], 'Mouse69075': [0.6566240648379053]}
(55657, 56) (55657, 3)
Pretraining NMF...
Identifying predictive components for supervised network 0
Selecting network: 0 with auc 0.5954889442707992 for sup net 0 using constraint n/a correlation
Identifying predictive components for supervised network 1
Selecting network: 4 with auc 0.46457726629008383 for sup net 1 using constraint n/a correlation
Identifying predictive components for supervised network 2
Selecting network: 2 with auc 0.5169299521213401 for sup net 2 using constraint n/a correlation
Beginning Training
Saving the last epoch with training MSE: 0.011737 and AUCs:[0.5719780717001198]
FLX test auc: 0.489 +/- 0.012
{'Mouse69061': [0.44672967924303564], 'Mouse78732': [0.5466263890325324], 'Mouse78743': [0.4840117073170732], 'Mouse78745': [0.5036314872846805], 'Mouse78751': [0.479351193535492], 'Mouse78764': [0.47553815951590017]}
EPM test auc: 0.564 +/- 0.023
{'Mouse0641': [0.5333716915995397], 'Mouse39115': [0.6771689956770887], 'Mouse39121': [0.6135132299357103], 'Mouse39122': [0.5337586819576805], 'Mouse39132': [0.5587269721303733], 'Mouse39135': [0.6052061607572597], 'Mouse6674': [0.43183622828784113], 'Mouse69061': [0.6031680871000847], 'Mouse69071': [0.6499326945918125], 'Mouse69075': [0.570152901366086], 'Mouse8893': [0.42861444919264635]}
OFT test auc: 0.726 +/- 0.023
{'Mouse04203': [0.6832191780821917], 'Mouse39115': [0.8683138420245399], 'Mouse39121': [0.8078853465925709], 'Mouse39122': [0.6543176972281449], 'Mouse39132': [0.7313134386750418], 'Mouse39135': [0.6416764284784588], 'Mouse69061': [0.7401746333417004], 'Mouse69071': [0.7348755895267522], 'Mouse69075': [0.6766365336658354]}
(55657, 56) (55657, 3)
Pretraining NMF...
Identifying predictive components for supervised network 0
Selecting network: 0 with auc 0.5958360699939206 for sup net 0 using constraint n/a correlation
Identifying predictive components for supervised network 1
Selecting network: 4 with auc 0.47085729664882553 for sup net 1 using constraint n/a correlation
Identifying predictive components for supervised network 2
Selecting network: 5 with auc 0.5242492700554541 for sup net 2 using constraint n/a correlation
Beginning Training
Saving the last epoch with training MSE: 0.0104281 and AUCs:[0.5738873378903547]
FLX test auc: 0.463 +/- 0.006
{'Mouse69061': [0.43863420458606056], 'Mouse78732': [0.4850392434010181], 'Mouse78743': [0.4543566829268293], 'Mouse78745': [0.47475104907422927], 'Mouse78751': [0.4715745341023737], 'Mouse78764': [0.4564559646906533]}
EPM test auc: 0.588 +/- 0.023
{'Mouse0641': [0.634301879555044], 'Mouse39115': [0.7059213833316578], 'Mouse39121': [0.6500887082927946], 'Mouse39122': [0.5582498788564044], 'Mouse39132': [0.5864666981577705], 'Mouse39135': [0.6200751759070385], 'Mouse6674': [0.4505707196029777], 'Mouse69061': [0.6202891437240641], 'Mouse69071': [0.6324134927547708], 'Mouse69075': [0.570549776496637], 'Mouse8893': [0.44126968193420707]}
OFT test auc: 0.700 +/- 0.029
{'Mouse04203': [0.6519904639370318], 'Mouse39115': [0.8754193826687117], 'Mouse39121': [0.8184498391342497], 'Mouse39122': [0.6791330338105392], 'Mouse39132': [0.7279771349083874], 'Mouse39135': [0.6624272512597387], 'Mouse69061': [0.647317746620289], 'Mouse69071': [0.5894352740282972], 'Mouse69075': [0.65169108478803]}
(55657, 56) (55657, 3)
Pretraining NMF...
Identifying predictive components for supervised network 0
Selecting network: 9 with auc 0.5895986598552647 for sup net 0 using constraint n/a correlation
Identifying predictive components for supervised network 1
Selecting network: 11 with auc 0.5536722123355535 for sup net 1 using constraint n/a correlation
Identifying predictive components for supervised network 2
Selecting network: 4 with auc 0.46673030259791837 for sup net 2 using constraint n/a correlation
Beginning Training
Saving the last epoch with training MSE: 0.0125245 and AUCs:[0.5492784404348104]
FLX test auc: 0.490 +/- 0.017
{'Mouse69061': [0.41356702312785243], 'Mouse78732': [0.5391335137495548], 'Mouse78743': [0.5262050081300813], 'Mouse78745': [0.49892194660446565], 'Mouse78751': [0.4931826185445338], 'Mouse78764': [0.4697349849498589]}
EPM test auc: 0.547 +/- 0.018
{'Mouse0641': [0.5518795550441121], 'Mouse39115': [0.6494068563385945], 'Mouse39121': [0.5582708559873328], 'Mouse39122': [0.5376352770150218], 'Mouse39132': [0.5396020311761928], 'Mouse39135': [0.5787799958744929], 'Mouse6674': [0.45999999999999996], 'Mouse69061': [0.5033064120298067], 'Mouse69071': [0.6193582231372239], 'Mouse69075': [0.5818398295525755], 'Mouse8893': [0.4331172742134396]}
OFT test auc: 0.716 +/- 0.025
{'Mouse04203': [0.7455488912434722], 'Mouse39115': [0.8507237346625768], 'Mouse39121': [0.7816671541386371], 'Mouse39122': [0.661808939993908], 'Mouse39132': [0.7947140776804538], 'Mouse39135': [0.6717892936167048], 'Mouse69061': [0.6381826657582387], 'Mouse69071': [0.6204769068141162], 'Mouse69075': [0.6746064526184539]}
(55657, 56) (55657, 3)
Pretraining NMF...
Identifying predictive components for supervised network 0
Selecting network: 10 with auc 0.5798896270263427 for sup net 0 using constraint n/a correlation
Identifying predictive components for supervised network 1
Selecting network: 11 with auc 0.5751463035561395 for sup net 1 using constraint n/a correlation
Identifying predictive components for supervised network 2
Selecting network: 6 with auc 0.47231048687861676 for sup net 2 using constraint n/a correlation
Beginning Training
Saving the last epoch with training MSE: 0.00959534 and AUCs:[0.5542683802049876]
FLX test auc: 0.490 +/- 0.016
{'Mouse69061': [0.4197889703297629], 'Mouse78732': [0.5481556176095426], 'Mouse78743': [0.5149563577235772], 'Mouse78745': [0.4948750912701682], 'Mouse78751': [0.4865139531342204], 'Mouse78764': [0.4734275331804926]}
EPM test auc: 0.553 +/- 0.017
{'Mouse0641': [0.5426735711545838], 'Mouse39115': [0.6287222278073791], 'Mouse39121': [0.5943264846715886], 'Mouse39122': [0.5458427556129866], 'Mouse39132': [0.5628365611714691], 'Mouse39135': [0.5713483532350851], 'Mouse6674': [0.4666563275434243], 'Mouse69061': [0.5243942706706528], 'Mouse69071': [0.6283256789927943], 'Mouse69075': [0.5811505201153027], 'Mouse8893': [0.43445808357472687]}
OFT test auc: 0.697 +/- 0.022
{'Mouse04203': [0.7149398319836525], 'Mouse39115': [0.8243385736196319], 'Mouse39121': [0.7787774202983329], 'Mouse39122': [0.6701092750533049], 'Mouse39132': [0.7315525223325872], 'Mouse39135': [0.638961715103847], 'Mouse69061': [0.6157932011331445], 'Mouse69071': [0.6231805984712963], 'Mouse69075': [0.6771352867830424]}
(55657, 56) (55657, 3)
Pretraining NMF...
Identifying predictive components for supervised network 0
Selecting network: 11 with auc 0.5803353244553283 for sup net 0 using constraint n/a correlation
Identifying predictive components for supervised network 1
Selecting network: 16 with auc 0.5774061802759966 for sup net 1 using constraint n/a correlation
Identifying predictive components for supervised network 2
Selecting network: 18 with auc 0.47076781484727076 for sup net 2 using constraint n/a correlation
Beginning Training
Saving the last epoch with training MSE: 0.0166332 and AUCs:[0.5612758486736031]
FLX test auc: 0.491 +/- 0.017
{'Mouse69061': [0.4173053626055657], 'Mouse78732': [0.5575411394950645], 'Mouse78743': [0.5125469918699187], 'Mouse78745': [0.4961672211536549], 'Mouse78751': [0.48482858393771533], 'Mouse78764': [0.4768377937896723]}
EPM test auc: 0.555 +/- 0.018
{'Mouse0641': [0.5534138856923666], 'Mouse39115': [0.6381421534130893], 'Mouse39121': [0.5963295751540472], 'Mouse39122': [0.5526974640607333], 'Mouse39132': [0.5587033538025508], 'Mouse39135': [0.5749696316838944], 'Mouse6674': [0.4587468982630273], 'Mouse69061': [0.5246262995850253], 'Mouse69071': [0.6315226858817008], 'Mouse69075': [0.5807223127376029], 'Mouse8893': [0.43630080018355466]}
OFT test auc: 0.702 +/- 0.023
{'Mouse04203': [0.7211647619768411], 'Mouse39115': [0.8262557515337422], 'Mouse39121': [0.7817958467388124], 'Mouse39122': [0.668148416082851], 'Mouse39132': [0.7518420309069964], 'Mouse39135': [0.6487049329688924], 'Mouse69061': [0.617850611395991], 'Mouse69071': [0.6250304927630508], 'Mouse69075': [0.6797927057356608]}
(55657, 56) (55657, 3)
Pretraining NMF...
Identifying predictive components for supervised network 0
Selecting network: 11 with auc 0.5708801235115144 for sup net 0 using constraint n/a correlation
Identifying predictive components for supervised network 1
Selecting network: 16 with auc 0.5621322962093093 for sup net 1 using constraint n/a correlation
Identifying predictive components for supervised network 2
Selecting network: 0 with auc 0.5409339248001738 for sup net 2 using constraint n/a correlation
Beginning Training
Saving the last epoch with training MSE: 0.0189204 and AUCs:[0.5280678510244161]
FLX test auc: 0.462 +/- 0.019
{'Mouse69061': [0.39172731155056256], 'Mouse78732': [0.5210470748440031], 'Mouse78743': [0.5124374634146341], 'Mouse78745': [0.45854842788023087], 'Mouse78751': [0.46507183579845046], 'Mouse78764': [0.42374237745442067]}
EPM test auc: 0.548 +/- 0.013
{'Mouse0641': [0.5825661680092059], 'Mouse39115': [0.6278928320096512], 'Mouse39121': [0.5360365516320418], 'Mouse39122': [0.5218664189953158], 'Mouse39132': [0.5312588568729333], 'Mouse39135': [0.5873576127065618], 'Mouse6674': [0.5029900744416873], 'Mouse69061': [0.4963276962206059], 'Mouse69071': [0.5790046717871565], 'Mouse69075': [0.5628733759451894], 'Mouse8893': [0.49439297903461726]}
OFT test auc: 0.707 +/- 0.025
{'Mouse04203': [0.6871121244229168], 'Mouse39115': [0.846649731595092], 'Mouse39121': [0.7722023983620941], 'Mouse39122': [0.6558549725860493], 'Mouse39132': [0.78520506857354], 'Mouse39135': [0.686450605232331], 'Mouse69061': [0.6307060637573063], 'Mouse69071': [0.6064705643194016], 'Mouse69075': [0.6888170199501247]}
(55657, 56) (55657, 3)
Pretraining NMF...
Identifying predictive components for supervised network 0
Selecting network: 15 with auc 0.5568581720391353 for sup net 0 using constraint n/a correlation
Identifying predictive components for supervised network 1
Selecting network: 10 with auc 0.5550486394189095 for sup net 1 using constraint n/a correlation
Identifying predictive components for supervised network 2
Selecting network: 24 with auc 0.455383327198926 for sup net 2 using constraint n/a correlation
Beginning Training
Saving the last epoch with training MSE: 0.0108924 and AUCs:[0.5556170352409321]
FLX test auc: 0.477 +/- 0.016
{'Mouse69061': [0.4017943622772844], 'Mouse78732': [0.5271634145780904], 'Mouse78743': [0.5037226666666667], 'Mouse78745': [0.47813038920156714], 'Mouse78751': [0.49317869244094187], 'Mouse78764': [0.45556036432258773]}
EPM test auc: 0.581 +/- 0.021
{'Mouse0641': [0.6148830072880705], 'Mouse39115': [0.6940484568211521], 'Mouse39121': [0.6469886873080372], 'Mouse39122': [0.5717271038604427], 'Mouse39132': [0.5505314123760039], 'Mouse39135': [0.6113199330751071], 'Mouse6674': [0.4659615384615385], 'Mouse69061': [0.5884610236044799], 'Mouse69071': [0.6191206746377385], 'Mouse69075': [0.5669883444040607], 'Mouse8893': [0.455531017867898]}
OFT test auc: 0.686 +/- 0.030
{'Mouse04203': [0.6860052599712404], 'Mouse39115': [0.8608368481595091], 'Mouse39121': [0.7956244515940333], 'Mouse39122': [0.662722738349071], 'Mouse39132': [0.7259557912582321], 'Mouse39135': [0.6406165746267269], 'Mouse69061': [0.6162100620360742], 'Mouse69071': [0.5608279801593755], 'Mouse69075': [0.6207021508728179]}
(55657, 56) (55657, 3)
Pretraining NMF...
Identifying predictive components for supervised network 0
Selecting network: 25 with auc 0.5635769803369746 for sup net 0 using constraint n/a correlation
Identifying predictive components for supervised network 1
Selecting network: 22 with auc 0.560076967899258 for sup net 1 using constraint n/a correlation
Identifying predictive components for supervised network 2
Selecting network: 11 with auc 0.5490483394368073 for sup net 2 using constraint n/a correlation
Beginning Training
Saving the last epoch with training MSE: 0.011451 and AUCs:[0.5614528819267417]
FLX test auc: 0.477 +/- 0.016
{'Mouse69061': [0.40470154001690795], 'Mouse78732': [0.5316690798772711], 'Mouse78743': [0.5048931382113822], 'Mouse78745': [0.48068595391176133], 'Mouse78751': [0.4872286229608056], 'Mouse78764': [0.4551573051669552]}
EPM test auc: 0.574 +/- 0.021
{'Mouse0641': [0.6085059455312619], 'Mouse39115': [0.6904292751583392], 'Mouse39121': [0.6207243556725615], 'Mouse39122': [0.5563469148764335], 'Mouse39132': [0.5631081719414265], 'Mouse39135': [0.6058536361761133], 'Mouse6674': [0.46253722084367244], 'Mouse69061': [0.5620275757440543], 'Mouse69071': [0.624148784543511], 'Mouse69075': [0.5777875255880018], 'Mouse8893': [0.44136289328017897]}
OFT test auc: 0.711 +/- 0.028
{'Mouse04203': [0.7137762052524029], 'Mouse39115': [0.8728431748466257], 'Mouse39121': [0.8094413571219654], 'Mouse39122': [0.6766438851660068], 'Mouse39132': [0.7703166771718577], 'Mouse39135': [0.668897937933471], 'Mouse69061': [0.6429877720801807], 'Mouse69071': [0.5908989266547406], 'Mouse69075': [0.6523456982543641]}
