/hpc/home/mk423/.local/lib/python3.7/site-packages/lpne/pipelines/__init__.py:14: UserWarning: Could not load lpne/pipelines/default_params.yaml!
  warnings.warn("Could not load lpne/pipelines/default_params.yaml!")
  0%|          | 0/1 [00:00<?, ?it/s]Epoch: 0, Current Training MSE: 0.150303, Current Training by Window ROC-AUC: [0.5]:   0%|          | 0/1 [00:08<?, ?it/s]Epoch: 0, Current Training MSE: 0.150303, Current Training by Window ROC-AUC: [0.5]: 100%|██████████| 1/1 [00:08<00:00,  8.69s/it]Epoch: 0, Current Training MSE: 0.150303, Current Training by Window ROC-AUC: [0.5]: 100%|██████████| 1/1 [00:08<00:00,  8.69s/it]
/hpc/home/mk423/Anxiety/FullDataWork/Code/Training/MultiTask/num_sup_nets_check.py:177: RuntimeWarning: divide by zero encountered in true_divide
  net_recon_contribution = np.mean(X_sup_recon/X_recon,axis=0) + EPSILON
/hpc/home/mk423/Anxiety/FullDataWork/Code/Training/MultiTask/num_sup_nets_check.py:177: RuntimeWarning: overflow encountered in true_divide
  net_recon_contribution = np.mean(X_sup_recon/X_recon,axis=0) + EPSILON
/opt/conda/lib/python3.7/site-packages/numpy/lib/function_base.py:4009: RuntimeWarning: invalid value encountered in subtract
  diff_b_a = subtract(b, a)
  0%|          | 0/1 [00:00<?, ?it/s]Epoch: 0, Current Training MSE: 0.150303, Current Training by Window ROC-AUC: [0.5]:   0%|          | 0/1 [00:04<?, ?it/s]Epoch: 0, Current Training MSE: 0.150303, Current Training by Window ROC-AUC: [0.5]: 100%|██████████| 1/1 [00:04<00:00,  4.41s/it]Epoch: 0, Current Training MSE: 0.150303, Current Training by Window ROC-AUC: [0.5]: 100%|██████████| 1/1 [00:04<00:00,  4.41s/it]
/hpc/home/mk423/Anxiety/FullDataWork/Code/Training/MultiTask/num_sup_nets_check.py:177: RuntimeWarning: divide by zero encountered in true_divide
  net_recon_contribution = np.mean(X_sup_recon/X_recon,axis=0) + EPSILON
/hpc/home/mk423/Anxiety/FullDataWork/Code/Training/MultiTask/num_sup_nets_check.py:177: RuntimeWarning: overflow encountered in true_divide
  net_recon_contribution = np.mean(X_sup_recon/X_recon,axis=0) + EPSILON
/opt/conda/lib/python3.7/site-packages/numpy/lib/function_base.py:4009: RuntimeWarning: invalid value encountered in subtract
  diff_b_a = subtract(b, a)
  0%|          | 0/1 [00:00<?, ?it/s]Epoch: 0, Current Training MSE: 0.150303, Current Training by Window ROC-AUC: [0.5]:   0%|          | 0/1 [00:04<?, ?it/s]Epoch: 0, Current Training MSE: 0.150303, Current Training by Window ROC-AUC: [0.5]: 100%|██████████| 1/1 [00:04<00:00,  4.75s/it]Epoch: 0, Current Training MSE: 0.150303, Current Training by Window ROC-AUC: [0.5]: 100%|██████████| 1/1 [00:04<00:00,  4.75s/it]
/hpc/home/mk423/Anxiety/FullDataWork/Code/Training/MultiTask/num_sup_nets_check.py:177: RuntimeWarning: divide by zero encountered in true_divide
  net_recon_contribution = np.mean(X_sup_recon/X_recon,axis=0) + EPSILON
/hpc/home/mk423/Anxiety/FullDataWork/Code/Training/MultiTask/num_sup_nets_check.py:177: RuntimeWarning: overflow encountered in true_divide
  net_recon_contribution = np.mean(X_sup_recon/X_recon,axis=0) + EPSILON
/opt/conda/lib/python3.7/site-packages/numpy/lib/function_base.py:4009: RuntimeWarning: invalid value encountered in subtract
  diff_b_a = subtract(b, a)
  0%|          | 0/1 [00:00<?, ?it/s]Epoch: 0, Current Training MSE: 0.150303, Current Training by Window ROC-AUC: [0.5]:   0%|          | 0/1 [00:04<?, ?it/s]Epoch: 0, Current Training MSE: 0.150303, Current Training by Window ROC-AUC: [0.5]: 100%|██████████| 1/1 [00:04<00:00,  4.53s/it]Epoch: 0, Current Training MSE: 0.150303, Current Training by Window ROC-AUC: [0.5]: 100%|██████████| 1/1 [00:04<00:00,  4.53s/it]
/hpc/home/mk423/Anxiety/FullDataWork/Code/Training/MultiTask/num_sup_nets_check.py:177: RuntimeWarning: divide by zero encountered in true_divide
  net_recon_contribution = np.mean(X_sup_recon/X_recon,axis=0) + EPSILON
/hpc/home/mk423/Anxiety/FullDataWork/Code/Training/MultiTask/num_sup_nets_check.py:177: RuntimeWarning: overflow encountered in true_divide
  net_recon_contribution = np.mean(X_sup_recon/X_recon,axis=0) + EPSILON
/opt/conda/lib/python3.7/site-packages/numpy/lib/function_base.py:4009: RuntimeWarning: invalid value encountered in subtract
  diff_b_a = subtract(b, a)
